<?xml version="1.0" encoding="UTF-8"?>
<testsuite xmlns:xsi="http://www.w3.org/2001/XMLSchema-instance" xsi:noNamespaceSchemaLocation="https://maven.apache.org/surefire/maven-surefire-plugin/xsd/surefire-test-report.xsd" name="RoomTest" time="0.02" tests="4" errors="0" skipped="0" failures="0">
  <properties>
    <property name="java.specification.version" value="17"/>
    <property name="sun.cpu.isalist" value="amd64"/>
    <property name="sun.jnu.encoding" value="Cp1250"/>
    <property name="java.class.path" value="D:\----Politechnika\Semestr 5\Nierelacyjne bazy danych\Laboratorium\ORM\ORM\target\test-classes;D:\----Politechnika\Semestr 5\Nierelacyjne bazy danych\Laboratorium\ORM\ORM\target\classes;C:\Users\Filip Warchoł\.m2\repository\jakarta\persistence\jakarta.persistence-api\3.1.0\jakarta.persistence-api-3.1.0.jar;C:\Users\Filip Warchoł\.m2\repository\org\hibernate\hibernate-core-jakarta\5.6.12.Final\hibernate-core-jakarta-5.6.12.Final.jar;C:\Users\Filip Warchoł\.m2\repository\org\jboss\logging\jboss-logging\3.4.3.Final\jboss-logging-3.4.3.Final.jar;C:\Users\Filip Warchoł\.m2\repository\net\bytebuddy\byte-buddy\1.12.9\byte-buddy-1.12.9.jar;C:\Users\Filip Warchoł\.m2\repository\antlr\antlr\2.7.7\antlr-2.7.7.jar;C:\Users\Filip Warchoł\.m2\repository\jakarta\transaction\jakarta.transaction-api\2.0.0\jakarta.transaction-api-2.0.0.jar;C:\Users\Filip Warchoł\.m2\repository\org\jboss\jandex\2.4.2.Final\jandex-2.4.2.Final.jar;C:\Users\Filip Warchoł\.m2\repository\com\fasterxml\classmate\1.5.1\classmate-1.5.1.jar;C:\Users\Filip Warchoł\.m2\repository\jakarta\activation\jakarta.activation-api\2.0.1\jakarta.activation-api-2.0.1.jar;C:\Users\Filip Warchoł\.m2\repository\org\dom4j\dom4j\2.1.3\dom4j-2.1.3.jar;C:\Users\Filip Warchoł\.m2\repository\org\hibernate\common\hibernate-commons-annotations\5.1.2.Final\hibernate-commons-annotations-5.1.2.Final.jar;C:\Users\Filip Warchoł\.m2\repository\jakarta\xml\bind\jakarta.xml.bind-api\3.0.1\jakarta.xml.bind-api-3.0.1.jar;C:\Users\Filip Warchoł\.m2\repository\com\sun\activation\jakarta.activation\2.0.1\jakarta.activation-2.0.1.jar;C:\Users\Filip Warchoł\.m2\repository\io\smallrye\config\smallrye-config\3.0.0\smallrye-config-3.0.0.jar;C:\Users\Filip Warchoł\.m2\repository\io\smallrye\config\smallrye-config-core\3.0.0\smallrye-config-core-3.0.0.jar;C:\Users\Filip Warchoł\.m2\repository\org\eclipse\microprofile\config\microprofile-config-api\3.0.1\microprofile-config-api-3.0.1.jar;C:\Users\Filip Warchoł\.m2\repository\io\smallrye\common\smallrye-common-annotation\2.0.0\smallrye-common-annotation-2.0.0.jar;C:\Users\Filip Warchoł\.m2\repository\io\smallrye\common\smallrye-common-expression\2.0.0\smallrye-common-expression-2.0.0.jar;C:\Users\Filip Warchoł\.m2\repository\io\smallrye\common\smallrye-common-function\2.0.0\smallrye-common-function-2.0.0.jar;C:\Users\Filip Warchoł\.m2\repository\io\smallrye\common\smallrye-common-constraint\2.0.0\smallrye-common-constraint-2.0.0.jar;C:\Users\Filip Warchoł\.m2\repository\io\smallrye\common\smallrye-common-classloader\2.0.0\smallrye-common-classloader-2.0.0.jar;C:\Users\Filip Warchoł\.m2\repository\org\ow2\asm\asm\9.3\asm-9.3.jar;C:\Users\Filip Warchoł\.m2\repository\io\smallrye\config\smallrye-config-common\3.0.0\smallrye-config-common-3.0.0.jar;C:\Users\Filip Warchoł\.m2\repository\org\hibernate\hibernate-jpamodelgen-jakarta\5.6.12.Final\hibernate-jpamodelgen-jakarta-5.6.12.Final.jar;C:\Users\Filip Warchoł\.m2\repository\org\glassfish\jaxb\jaxb-runtime\4.0.0\jaxb-runtime-4.0.0.jar;C:\Users\Filip Warchoł\.m2\repository\org\glassfish\jaxb\jaxb-core\4.0.0\jaxb-core-4.0.0.jar;C:\Users\Filip Warchoł\.m2\repository\org\eclipse\angus\angus-activation\1.0.0\angus-activation-1.0.0.jar;C:\Users\Filip Warchoł\.m2\repository\org\glassfish\jaxb\txw2\4.0.0\txw2-4.0.0.jar;C:\Users\Filip Warchoł\.m2\repository\com\sun\istack\istack-commons-runtime\4.1.1\istack-commons-runtime-4.1.1.jar;C:\Users\Filip Warchoł\.m2\repository\org\hibernate\validator\hibernate-validator\8.0.0.Final\hibernate-validator-8.0.0.Final.jar;C:\Users\Filip Warchoł\.m2\repository\jakarta\validation\jakarta.validation-api\3.0.2\jakarta.validation-api-3.0.2.jar;C:\Users\Filip Warchoł\.m2\repository\org\projectlombok\lombok\1.18.24\lombok-1.18.24.jar;C:\Users\Filip Warchoł\.m2\repository\org\junit\jupiter\junit-jupiter-api\5.9.0\junit-jupiter-api-5.9.0.jar;C:\Users\Filip Warchoł\.m2\repository\org\opentest4j\opentest4j\1.2.0\opentest4j-1.2.0.jar;C:\Users\Filip Warchoł\.m2\repository\org\junit\platform\junit-platform-commons\1.9.0\junit-platform-commons-1.9.0.jar;C:\Users\Filip Warchoł\.m2\repository\org\apiguardian\apiguardian-api\1.1.2\apiguardian-api-1.1.2.jar;C:\Users\Filip Warchoł\.m2\repository\org\junit\jupiter\junit-jupiter-engine\5.9.0\junit-jupiter-engine-5.9.0.jar;C:\Users\Filip Warchoł\.m2\repository\org\postgresql\postgresql\42.5.0\postgresql-42.5.0.jar;C:\Users\Filip Warchoł\.m2\repository\org\checkerframework\checker-qual\3.5.0\checker-qual-3.5.0.jar;C:\Users\Filip Warchoł\.m2\repository\org\junit\platform\junit-platform-engine\1.9.0\junit-platform-engine-1.9.0.jar;C:\Users\Filip Warchoł\.m2\repository\org\mongodb\mongodb-driver-sync\4.2.3\mongodb-driver-sync-4.2.3.jar;C:\Users\Filip Warchoł\.m2\repository\org\mongodb\bson\4.2.3\bson-4.2.3.jar;C:\Users\Filip Warchoł\.m2\repository\org\mongodb\mongodb-driver-core\4.2.3\mongodb-driver-core-4.2.3.jar;C:\Users\Filip Warchoł\.m2\repository\org\mongodb\mongodb-crypt\1.4.1\mongodb-crypt-1.4.1.jar;C:\Users\Filip Warchoł\.m2\repository\net\java\dev\jna\jna\5.6.0\jna-5.6.0.jar;C:\Users\Filip Warchoł\.m2\repository\org\slf4j\slf4j-api\1.7.6\slf4j-api-1.7.6.jar;C:\Users\Filip Warchoł\.m2\repository\ch\qos\logback\logback-classic\1.2.9\logback-classic-1.2.9.jar;C:\Users\Filip Warchoł\.m2\repository\ch\qos\logback\logback-core\1.2.9\logback-core-1.2.9.jar;C:\Users\Filip Warchoł\.m2\repository\redis\clients\jedis\4.3.1\jedis-4.3.1.jar;C:\Users\Filip Warchoł\.m2\repository\org\apache\commons\commons-pool2\2.11.1\commons-pool2-2.11.1.jar;C:\Users\Filip Warchoł\.m2\repository\org\json\json\20220320\json-20220320.jar;C:\Users\Filip Warchoł\.m2\repository\com\google\code\gson\gson\2.8.9\gson-2.8.9.jar;C:\Users\Filip Warchoł\.m2\repository\biz\paluch\redis\lettuce\3.2.Final\lettuce-3.2.Final.jar;C:\Users\Filip Warchoł\.m2\repository\io\netty\netty-common\4.0.28.Final\netty-common-4.0.28.Final.jar;C:\Users\Filip Warchoł\.m2\repository\io\netty\netty-transport\4.0.28.Final\netty-transport-4.0.28.Final.jar;C:\Users\Filip Warchoł\.m2\repository\io\netty\netty-buffer\4.0.28.Final\netty-buffer-4.0.28.Final.jar;C:\Users\Filip Warchoł\.m2\repository\io\netty\netty-handler\4.0.28.Final\netty-handler-4.0.28.Final.jar;C:\Users\Filip Warchoł\.m2\repository\io\netty\netty-codec\4.0.28.Final\netty-codec-4.0.28.Final.jar;C:\Users\Filip Warchoł\.m2\repository\com\google\guava\guava\17.0\guava-17.0.jar;C:\Users\Filip Warchoł\.m2\repository\org\eclipse\yasson\3.0.1\yasson-3.0.1.jar;C:\Users\Filip Warchoł\.m2\repository\jakarta\json\bind\jakarta.json.bind-api\3.0.0\jakarta.json.bind-api-3.0.0.jar;C:\Users\Filip Warchoł\.m2\repository\jakarta\json\jakarta.json-api\2.1.0\jakarta.json-api-2.1.0.jar;C:\Users\Filip Warchoł\.m2\repository\org\eclipse\parsson\parsson\1.1.0\parsson-1.1.0.jar;C:\Users\Filip Warchoł\.m2\repository\com\fasterxml\jackson\core\jackson-databind\2.13.3\jackson-databind-2.13.3.jar;C:\Users\Filip Warchoł\.m2\repository\com\fasterxml\jackson\core\jackson-annotations\2.13.3\jackson-annotations-2.13.3.jar;C:\Users\Filip Warchoł\.m2\repository\com\fasterxml\jackson\core\jackson-core\2.13.3\jackson-core-2.13.3.jar;C:\Users\Filip Warchoł\.m2\repository\com\fasterxml\jackson\datatype\jackson-datatype-jsr310\2.13.3\jackson-datatype-jsr310-2.13.3.jar;"/>
    <property name="java.vm.vendor" value="Oracle Corporation"/>
    <property name="sun.arch.data.model" value="64"/>
    <property name="user.variant" value=""/>
    <property name="java.vendor.url" value="https://java.oracle.com/"/>
    <property name="user.timezone" value="Europe/Warsaw"/>
    <property name="os.name" value="Windows 11"/>
    <property name="java.vm.specification.version" value="17"/>
    <property name="sun.java.launcher" value="SUN_STANDARD"/>
    <property name="user.country" value="PL"/>
    <property name="sun.boot.library.path" value="C:\Program Files\Java\jdk-17.0.3.1\bin"/>
    <property name="sun.java.command" value="C:\Users\FILIPW~1\AppData\Local\Temp\surefire11723477945394590199\surefirebooter17793014397169410323.jar C:\Users\Filip Warchoł\AppData\Local\Temp\surefire11723477945394590199 2022-11-23T20-50-54_770-jvmRun1 surefire5992633718282573769tmp surefire_013317805289256427279tmp"/>
    <property name="jdk.debug" value="release"/>
    <property name="surefire.test.class.path" value="D:\----Politechnika\Semestr 5\Nierelacyjne bazy danych\Laboratorium\ORM\ORM\target\test-classes;D:\----Politechnika\Semestr 5\Nierelacyjne bazy danych\Laboratorium\ORM\ORM\target\classes;C:\Users\Filip Warchoł\.m2\repository\jakarta\persistence\jakarta.persistence-api\3.1.0\jakarta.persistence-api-3.1.0.jar;C:\Users\Filip Warchoł\.m2\repository\org\hibernate\hibernate-core-jakarta\5.6.12.Final\hibernate-core-jakarta-5.6.12.Final.jar;C:\Users\Filip Warchoł\.m2\repository\org\jboss\logging\jboss-logging\3.4.3.Final\jboss-logging-3.4.3.Final.jar;C:\Users\Filip Warchoł\.m2\repository\net\bytebuddy\byte-buddy\1.12.9\byte-buddy-1.12.9.jar;C:\Users\Filip Warchoł\.m2\repository\antlr\antlr\2.7.7\antlr-2.7.7.jar;C:\Users\Filip Warchoł\.m2\repository\jakarta\transaction\jakarta.transaction-api\2.0.0\jakarta.transaction-api-2.0.0.jar;C:\Users\Filip Warchoł\.m2\repository\org\jboss\jandex\2.4.2.Final\jandex-2.4.2.Final.jar;C:\Users\Filip Warchoł\.m2\repository\com\fasterxml\classmate\1.5.1\classmate-1.5.1.jar;C:\Users\Filip Warchoł\.m2\repository\jakarta\activation\jakarta.activation-api\2.0.1\jakarta.activation-api-2.0.1.jar;C:\Users\Filip Warchoł\.m2\repository\org\dom4j\dom4j\2.1.3\dom4j-2.1.3.jar;C:\Users\Filip Warchoł\.m2\repository\org\hibernate\common\hibernate-commons-annotations\5.1.2.Final\hibernate-commons-annotations-5.1.2.Final.jar;C:\Users\Filip Warchoł\.m2\repository\jakarta\xml\bind\jakarta.xml.bind-api\3.0.1\jakarta.xml.bind-api-3.0.1.jar;C:\Users\Filip Warchoł\.m2\repository\com\sun\activation\jakarta.activation\2.0.1\jakarta.activation-2.0.1.jar;C:\Users\Filip Warchoł\.m2\repository\io\smallrye\config\smallrye-config\3.0.0\smallrye-config-3.0.0.jar;C:\Users\Filip Warchoł\.m2\repository\io\smallrye\config\smallrye-config-core\3.0.0\smallrye-config-core-3.0.0.jar;C:\Users\Filip Warchoł\.m2\repository\org\eclipse\microprofile\config\microprofile-config-api\3.0.1\microprofile-config-api-3.0.1.jar;C:\Users\Filip Warchoł\.m2\repository\io\smallrye\common\smallrye-common-annotation\2.0.0\smallrye-common-annotation-2.0.0.jar;C:\Users\Filip Warchoł\.m2\repository\io\smallrye\common\smallrye-common-expression\2.0.0\smallrye-common-expression-2.0.0.jar;C:\Users\Filip Warchoł\.m2\repository\io\smallrye\common\smallrye-common-function\2.0.0\smallrye-common-function-2.0.0.jar;C:\Users\Filip Warchoł\.m2\repository\io\smallrye\common\smallrye-common-constraint\2.0.0\smallrye-common-constraint-2.0.0.jar;C:\Users\Filip Warchoł\.m2\repository\io\smallrye\common\smallrye-common-classloader\2.0.0\smallrye-common-classloader-2.0.0.jar;C:\Users\Filip Warchoł\.m2\repository\org\ow2\asm\asm\9.3\asm-9.3.jar;C:\Users\Filip Warchoł\.m2\repository\io\smallrye\config\smallrye-config-common\3.0.0\smallrye-config-common-3.0.0.jar;C:\Users\Filip Warchoł\.m2\repository\org\hibernate\hibernate-jpamodelgen-jakarta\5.6.12.Final\hibernate-jpamodelgen-jakarta-5.6.12.Final.jar;C:\Users\Filip Warchoł\.m2\repository\org\glassfish\jaxb\jaxb-runtime\4.0.0\jaxb-runtime-4.0.0.jar;C:\Users\Filip Warchoł\.m2\repository\org\glassfish\jaxb\jaxb-core\4.0.0\jaxb-core-4.0.0.jar;C:\Users\Filip Warchoł\.m2\repository\org\eclipse\angus\angus-activation\1.0.0\angus-activation-1.0.0.jar;C:\Users\Filip Warchoł\.m2\repository\org\glassfish\jaxb\txw2\4.0.0\txw2-4.0.0.jar;C:\Users\Filip Warchoł\.m2\repository\com\sun\istack\istack-commons-runtime\4.1.1\istack-commons-runtime-4.1.1.jar;C:\Users\Filip Warchoł\.m2\repository\org\hibernate\validator\hibernate-validator\8.0.0.Final\hibernate-validator-8.0.0.Final.jar;C:\Users\Filip Warchoł\.m2\repository\jakarta\validation\jakarta.validation-api\3.0.2\jakarta.validation-api-3.0.2.jar;C:\Users\Filip Warchoł\.m2\repository\org\projectlombok\lombok\1.18.24\lombok-1.18.24.jar;C:\Users\Filip Warchoł\.m2\repository\org\junit\jupiter\junit-jupiter-api\5.9.0\junit-jupiter-api-5.9.0.jar;C:\Users\Filip Warchoł\.m2\repository\org\opentest4j\opentest4j\1.2.0\opentest4j-1.2.0.jar;C:\Users\Filip Warchoł\.m2\repository\org\junit\platform\junit-platform-commons\1.9.0\junit-platform-commons-1.9.0.jar;C:\Users\Filip Warchoł\.m2\repository\org\apiguardian\apiguardian-api\1.1.2\apiguardian-api-1.1.2.jar;C:\Users\Filip Warchoł\.m2\repository\org\junit\jupiter\junit-jupiter-engine\5.9.0\junit-jupiter-engine-5.9.0.jar;C:\Users\Filip Warchoł\.m2\repository\org\postgresql\postgresql\42.5.0\postgresql-42.5.0.jar;C:\Users\Filip Warchoł\.m2\repository\org\checkerframework\checker-qual\3.5.0\checker-qual-3.5.0.jar;C:\Users\Filip Warchoł\.m2\repository\org\junit\platform\junit-platform-engine\1.9.0\junit-platform-engine-1.9.0.jar;C:\Users\Filip Warchoł\.m2\repository\org\mongodb\mongodb-driver-sync\4.2.3\mongodb-driver-sync-4.2.3.jar;C:\Users\Filip Warchoł\.m2\repository\org\mongodb\bson\4.2.3\bson-4.2.3.jar;C:\Users\Filip Warchoł\.m2\repository\org\mongodb\mongodb-driver-core\4.2.3\mongodb-driver-core-4.2.3.jar;C:\Users\Filip Warchoł\.m2\repository\org\mongodb\mongodb-crypt\1.4.1\mongodb-crypt-1.4.1.jar;C:\Users\Filip Warchoł\.m2\repository\net\java\dev\jna\jna\5.6.0\jna-5.6.0.jar;C:\Users\Filip Warchoł\.m2\repository\org\slf4j\slf4j-api\1.7.6\slf4j-api-1.7.6.jar;C:\Users\Filip Warchoł\.m2\repository\ch\qos\logback\logback-classic\1.2.9\logback-classic-1.2.9.jar;C:\Users\Filip Warchoł\.m2\repository\ch\qos\logback\logback-core\1.2.9\logback-core-1.2.9.jar;C:\Users\Filip Warchoł\.m2\repository\redis\clients\jedis\4.3.1\jedis-4.3.1.jar;C:\Users\Filip Warchoł\.m2\repository\org\apache\commons\commons-pool2\2.11.1\commons-pool2-2.11.1.jar;C:\Users\Filip Warchoł\.m2\repository\org\json\json\20220320\json-20220320.jar;C:\Users\Filip Warchoł\.m2\repository\com\google\code\gson\gson\2.8.9\gson-2.8.9.jar;C:\Users\Filip Warchoł\.m2\repository\biz\paluch\redis\lettuce\3.2.Final\lettuce-3.2.Final.jar;C:\Users\Filip Warchoł\.m2\repository\io\netty\netty-common\4.0.28.Final\netty-common-4.0.28.Final.jar;C:\Users\Filip Warchoł\.m2\repository\io\netty\netty-transport\4.0.28.Final\netty-transport-4.0.28.Final.jar;C:\Users\Filip Warchoł\.m2\repository\io\netty\netty-buffer\4.0.28.Final\netty-buffer-4.0.28.Final.jar;C:\Users\Filip Warchoł\.m2\repository\io\netty\netty-handler\4.0.28.Final\netty-handler-4.0.28.Final.jar;C:\Users\Filip Warchoł\.m2\repository\io\netty\netty-codec\4.0.28.Final\netty-codec-4.0.28.Final.jar;C:\Users\Filip Warchoł\.m2\repository\com\google\guava\guava\17.0\guava-17.0.jar;C:\Users\Filip Warchoł\.m2\repository\org\eclipse\yasson\3.0.1\yasson-3.0.1.jar;C:\Users\Filip Warchoł\.m2\repository\jakarta\json\bind\jakarta.json.bind-api\3.0.0\jakarta.json.bind-api-3.0.0.jar;C:\Users\Filip Warchoł\.m2\repository\jakarta\json\jakarta.json-api\2.1.0\jakarta.json-api-2.1.0.jar;C:\Users\Filip Warchoł\.m2\repository\org\eclipse\parsson\parsson\1.1.0\parsson-1.1.0.jar;C:\Users\Filip Warchoł\.m2\repository\com\fasterxml\jackson\core\jackson-databind\2.13.3\jackson-databind-2.13.3.jar;C:\Users\Filip Warchoł\.m2\repository\com\fasterxml\jackson\core\jackson-annotations\2.13.3\jackson-annotations-2.13.3.jar;C:\Users\Filip Warchoł\.m2\repository\com\fasterxml\jackson\core\jackson-core\2.13.3\jackson-core-2.13.3.jar;C:\Users\Filip Warchoł\.m2\repository\com\fasterxml\jackson\datatype\jackson-datatype-jsr310\2.13.3\jackson-datatype-jsr310-2.13.3.jar;"/>
    <property name="sun.cpu.endian" value="little"/>
    <property name="user.home" value="C:\Users\Filip Warchoł"/>
    <property name="user.language" value="pl"/>
    <property name="java.specification.vendor" value="Oracle Corporation"/>
    <property name="java.version.date" value="2022-04-22"/>
    <property name="java.home" value="C:\Program Files\Java\jdk-17.0.3.1"/>
    <property name="file.separator" value="\"/>
    <property name="basedir" value="D:\----Politechnika\Semestr 5\Nierelacyjne bazy danych\Laboratorium\ORM\ORM"/>
    <property name="java.vm.compressedOopsMode" value="Zero based"/>
    <property name="line.separator" value="&#10;"/>
    <property name="java.vm.specification.vendor" value="Oracle Corporation"/>
    <property name="java.specification.name" value="Java Platform API Specification"/>
    <property name="surefire.real.class.path" value="C:\Users\FILIPW~1\AppData\Local\Temp\surefire11723477945394590199\surefirebooter17793014397169410323.jar"/>
    <property name="user.script" value=""/>
    <property name="sun.management.compiler" value="HotSpot 64-Bit Tiered Compilers"/>
    <property name="java.runtime.version" value="17.0.3.1+2-LTS-6"/>
    <property name="user.name" value="Filip Warchoł"/>
    <property name="path.separator" value=";"/>
    <property name="os.version" value="10.0"/>
    <property name="java.runtime.name" value="Java(TM) SE Runtime Environment"/>
    <property name="file.encoding" value="Cp1250"/>
    <property name="java.vm.name" value="Java HotSpot(TM) 64-Bit Server VM"/>
    <property name="localRepository" value="C:\Users\Filip Warchoł\.m2\repository"/>
    <property name="java.vendor.url.bug" value="https://bugreport.java.com/bugreport/"/>
    <property name="java.io.tmpdir" value="C:\Users\FILIPW~1\AppData\Local\Temp\"/>
    <property name="java.version" value="17.0.3.1"/>
    <property name="user.dir" value="D:\----Politechnika\Semestr 5\Nierelacyjne bazy danych\Laboratorium\ORM\ORM"/>
    <property name="os.arch" value="amd64"/>
    <property name="java.vm.specification.name" value="Java Virtual Machine Specification"/>
    <property name="sun.os.patch.level" value=""/>
    <property name="native.encoding" value="Cp1250"/>
    <property name="java.library.path" value="C:\Program Files\Java\jdk-17.0.3.1\bin;C:\WINDOWS\Sun\Java\bin;C:\WINDOWS\system32;C:\WINDOWS;C:\Program Files\Common Files\Oracle\Java\javapath;C:\Program Files (x86)\Common Files\Intel\Shared Libraries\redist\intel64\compiler;C:\Program Files (x86)\Intel\Intel(R) Management Engine Components\iCLS\;C:\Program Files\Intel\Intel(R) Management Engine Components\iCLS\;C:\Windows\system32;C:\Windows;C:\Windows\System32\Wbem;C:\Windows\System32\WindowsPowerShell\v1.0\;C:\Windows\System32\OpenSSH\;C:\Program Files (x86)\NVIDIA Corporation\PhysX\Common;C:\Program Files (x86)\Intel\Intel(R) Management Engine Components\DAL;C:\Program Files\Intel\Intel(R) Management Engine Components\DAL;C:\Program Files (x86)\Intel\Intel(R) Management Engine Components\IPT;C:\Program Files\Intel\Intel(R) Management Engine Components\IPT;C:\WINDOWS\system32;C:\WINDOWS;C:\WINDOWS\System32\Wbem;C:\WINDOWS\System32\WindowsPowerShell\v1.0\;C:\WINDOWS\System32\OpenSSH\;C:\Program Files\dotnet\;C:\WINDOWS\system32;C:\WINDOWS;C:\WINDOWS\System32\Wbem;C:\WINDOWS\System32\WindowsPowerShell\v1.0\;C:\WINDOWS\System32\OpenSSH\;C:\Program Files\Azure Data Studio\bin;C:\Program Files\Microsoft SQL Server\Client SDK\ODBC\170\Tools\Binn\;C:\Program Files (x86)\Microsoft SQL Server\150\Tools\Binn\;C:\Program Files\Microsoft SQL Server\150\Tools\Binn\;C:\Program Files\Microsoft SQL Server\150\DTS\Binn\;C:\Program Files (x86)\Microsoft SQL Server\150\DTS\Binn\;D:\Programy\PostgreSQL\bin;D:\Programy\PostgreSQL\lib;D:\Programy\NodeJS\;C:\Program Files\Docker\Docker\resources\bin;C:\ProgramData\DockerDesktop\version-bin;C:\Users\Filip Warchoł\AppData\Local\Microsoft\WindowsApps;D:\Politechnika\Semestr 3\Programowanie komponentowe\Laby\Srodowisko\usr\bin;C:\Programy\Maven\apache-maven-3.8.3-bin\apache-maven-3.8.3\bin;C:\Programy\Java\openjdk-17\bin;C:\Programy\MSYS\usr\bin;C:\Program Files\Azure Data Studio\bin;D:\Programy\VisualStudioCode\Microsoft VS Code\bin;C:\Program Files\Azure Data Studio\bin;C:\Users\Filip Warchoł\AppData\Roaming\npm;C:\Users\Filip Warchoł\AppData\Local\JetBrains\Toolbox\scripts;;."/>
    <property name="java.vm.info" value="mixed mode, sharing"/>
    <property name="java.vendor" value="Oracle Corporation"/>
    <property name="java.vm.version" value="17.0.3.1+2-LTS-6"/>
    <property name="sun.io.unicode.encoding" value="UnicodeLittle"/>
    <property name="java.class.version" value="61.0"/>
  </properties>
  <testcase name="roomAddTest" classname="RoomTest" time="0.012"/>
  <testcase name="updateClientTest" classname="RoomTest" time="0.002"/>
  <testcase name="getRoomTest" classname="RoomTest" time="0"/>
  <testcase name="roomRemoveTest" classname="RoomTest" time="0.006"/>
</testsuite>