<?xml version="1.0" encoding="UTF-8"?>
<testsuite xmlns:xsi="http://www.w3.org/2001/XMLSchema-instance" xsi:noNamespaceSchemaLocation="https://maven.apache.org/surefire/maven-surefire-plugin/xsd/surefire-test-report.xsd" name="BenchmarkTest" time="30.691" tests="1" errors="1" skipped="0" failures="0">
  <properties>
    <property name="java.specification.version" value="18"/>
    <property name="sun.cpu.isalist" value="amd64"/>
    <property name="sun.jnu.encoding" value="Cp1250"/>
    <property name="java.class.path" value="D:\----Politechnika\Semestr 5\Nierelacyjne bazy danych\Laboratorium\ORM\ORM\target\test-classes;D:\----Politechnika\Semestr 5\Nierelacyjne bazy danych\Laboratorium\ORM\ORM\target\classes;C:\Users\Filip Warchoł\.m2\repository\jakarta\persistence\jakarta.persistence-api\3.1.0\jakarta.persistence-api-3.1.0.jar;C:\Users\Filip Warchoł\.m2\repository\org\hibernate\hibernate-core-jakarta\5.6.12.Final\hibernate-core-jakarta-5.6.12.Final.jar;C:\Users\Filip Warchoł\.m2\repository\org\jboss\logging\jboss-logging\3.4.3.Final\jboss-logging-3.4.3.Final.jar;C:\Users\Filip Warchoł\.m2\repository\net\bytebuddy\byte-buddy\1.12.9\byte-buddy-1.12.9.jar;C:\Users\Filip Warchoł\.m2\repository\antlr\antlr\2.7.7\antlr-2.7.7.jar;C:\Users\Filip Warchoł\.m2\repository\jakarta\transaction\jakarta.transaction-api\2.0.0\jakarta.transaction-api-2.0.0.jar;C:\Users\Filip Warchoł\.m2\repository\org\jboss\jandex\2.4.2.Final\jandex-2.4.2.Final.jar;C:\Users\Filip Warchoł\.m2\repository\com\fasterxml\classmate\1.5.1\classmate-1.5.1.jar;C:\Users\Filip Warchoł\.m2\repository\jakarta\activation\jakarta.activation-api\2.0.1\jakarta.activation-api-2.0.1.jar;C:\Users\Filip Warchoł\.m2\repository\org\dom4j\dom4j\2.1.3\dom4j-2.1.3.jar;C:\Users\Filip Warchoł\.m2\repository\org\hibernate\common\hibernate-commons-annotations\5.1.2.Final\hibernate-commons-annotations-5.1.2.Final.jar;C:\Users\Filip Warchoł\.m2\repository\jakarta\xml\bind\jakarta.xml.bind-api\3.0.1\jakarta.xml.bind-api-3.0.1.jar;C:\Users\Filip Warchoł\.m2\repository\com\sun\activation\jakarta.activation\2.0.1\jakarta.activation-2.0.1.jar;C:\Users\Filip Warchoł\.m2\repository\io\smallrye\config\smallrye-config\3.0.0\smallrye-config-3.0.0.jar;C:\Users\Filip Warchoł\.m2\repository\io\smallrye\config\smallrye-config-core\3.0.0\smallrye-config-core-3.0.0.jar;C:\Users\Filip Warchoł\.m2\repository\org\eclipse\microprofile\config\microprofile-config-api\3.0.1\microprofile-config-api-3.0.1.jar;C:\Users\Filip Warchoł\.m2\repository\io\smallrye\common\smallrye-common-annotation\2.0.0\smallrye-common-annotation-2.0.0.jar;C:\Users\Filip Warchoł\.m2\repository\io\smallrye\common\smallrye-common-expression\2.0.0\smallrye-common-expression-2.0.0.jar;C:\Users\Filip Warchoł\.m2\repository\io\smallrye\common\smallrye-common-function\2.0.0\smallrye-common-function-2.0.0.jar;C:\Users\Filip Warchoł\.m2\repository\io\smallrye\common\smallrye-common-constraint\2.0.0\smallrye-common-constraint-2.0.0.jar;C:\Users\Filip Warchoł\.m2\repository\io\smallrye\common\smallrye-common-classloader\2.0.0\smallrye-common-classloader-2.0.0.jar;C:\Users\Filip Warchoł\.m2\repository\org\ow2\asm\asm\9.3\asm-9.3.jar;C:\Users\Filip Warchoł\.m2\repository\io\smallrye\config\smallrye-config-common\3.0.0\smallrye-config-common-3.0.0.jar;C:\Users\Filip Warchoł\.m2\repository\org\hibernate\hibernate-jpamodelgen-jakarta\5.6.12.Final\hibernate-jpamodelgen-jakarta-5.6.12.Final.jar;C:\Users\Filip Warchoł\.m2\repository\org\glassfish\jaxb\jaxb-runtime\4.0.0\jaxb-runtime-4.0.0.jar;C:\Users\Filip Warchoł\.m2\repository\org\glassfish\jaxb\jaxb-core\4.0.0\jaxb-core-4.0.0.jar;C:\Users\Filip Warchoł\.m2\repository\org\eclipse\angus\angus-activation\1.0.0\angus-activation-1.0.0.jar;C:\Users\Filip Warchoł\.m2\repository\org\glassfish\jaxb\txw2\4.0.0\txw2-4.0.0.jar;C:\Users\Filip Warchoł\.m2\repository\com\sun\istack\istack-commons-runtime\4.1.1\istack-commons-runtime-4.1.1.jar;C:\Users\Filip Warchoł\.m2\repository\org\hibernate\validator\hibernate-validator\8.0.0.Final\hibernate-validator-8.0.0.Final.jar;C:\Users\Filip Warchoł\.m2\repository\jakarta\validation\jakarta.validation-api\3.0.2\jakarta.validation-api-3.0.2.jar;C:\Users\Filip Warchoł\.m2\repository\org\projectlombok\lombok\1.18.24\lombok-1.18.24.jar;C:\Users\Filip Warchoł\.m2\repository\org\junit\jupiter\junit-jupiter-api\5.9.0\junit-jupiter-api-5.9.0.jar;C:\Users\Filip Warchoł\.m2\repository\org\opentest4j\opentest4j\1.2.0\opentest4j-1.2.0.jar;C:\Users\Filip Warchoł\.m2\repository\org\junit\platform\junit-platform-commons\1.9.0\junit-platform-commons-1.9.0.jar;C:\Users\Filip Warchoł\.m2\repository\org\apiguardian\apiguardian-api\1.1.2\apiguardian-api-1.1.2.jar;C:\Users\Filip Warchoł\.m2\repository\org\junit\jupiter\junit-jupiter-engine\5.9.0\junit-jupiter-engine-5.9.0.jar;C:\Users\Filip Warchoł\.m2\repository\org\postgresql\postgresql\42.5.0\postgresql-42.5.0.jar;C:\Users\Filip Warchoł\.m2\repository\org\checkerframework\checker-qual\3.5.0\checker-qual-3.5.0.jar;C:\Users\Filip Warchoł\.m2\repository\org\junit\platform\junit-platform-engine\1.9.0\junit-platform-engine-1.9.0.jar;C:\Users\Filip Warchoł\.m2\repository\org\mongodb\mongodb-driver-sync\4.2.3\mongodb-driver-sync-4.2.3.jar;C:\Users\Filip Warchoł\.m2\repository\org\mongodb\bson\4.2.3\bson-4.2.3.jar;C:\Users\Filip Warchoł\.m2\repository\org\mongodb\mongodb-driver-core\4.2.3\mongodb-driver-core-4.2.3.jar;C:\Users\Filip Warchoł\.m2\repository\org\mongodb\mongodb-crypt\1.4.1\mongodb-crypt-1.4.1.jar;C:\Users\Filip Warchoł\.m2\repository\net\java\dev\jna\jna\5.6.0\jna-5.6.0.jar;C:\Users\Filip Warchoł\.m2\repository\org\slf4j\slf4j-api\1.7.6\slf4j-api-1.7.6.jar;C:\Users\Filip Warchoł\.m2\repository\ch\qos\logback\logback-classic\1.2.9\logback-classic-1.2.9.jar;C:\Users\Filip Warchoł\.m2\repository\ch\qos\logback\logback-core\1.2.9\logback-core-1.2.9.jar;C:\Users\Filip Warchoł\.m2\repository\redis\clients\jedis\4.3.1\jedis-4.3.1.jar;C:\Users\Filip Warchoł\.m2\repository\org\apache\commons\commons-pool2\2.11.1\commons-pool2-2.11.1.jar;C:\Users\Filip Warchoł\.m2\repository\org\json\json\20220320\json-20220320.jar;C:\Users\Filip Warchoł\.m2\repository\com\google\code\gson\gson\2.8.9\gson-2.8.9.jar;C:\Users\Filip Warchoł\.m2\repository\biz\paluch\redis\lettuce\3.2.Final\lettuce-3.2.Final.jar;C:\Users\Filip Warchoł\.m2\repository\io\netty\netty-common\4.0.28.Final\netty-common-4.0.28.Final.jar;C:\Users\Filip Warchoł\.m2\repository\io\netty\netty-transport\4.0.28.Final\netty-transport-4.0.28.Final.jar;C:\Users\Filip Warchoł\.m2\repository\io\netty\netty-buffer\4.0.28.Final\netty-buffer-4.0.28.Final.jar;C:\Users\Filip Warchoł\.m2\repository\io\netty\netty-handler\4.0.28.Final\netty-handler-4.0.28.Final.jar;C:\Users\Filip Warchoł\.m2\repository\io\netty\netty-codec\4.0.28.Final\netty-codec-4.0.28.Final.jar;C:\Users\Filip Warchoł\.m2\repository\com\google\guava\guava\17.0\guava-17.0.jar;C:\Users\Filip Warchoł\.m2\repository\org\eclipse\yasson\3.0.1\yasson-3.0.1.jar;C:\Users\Filip Warchoł\.m2\repository\jakarta\json\bind\jakarta.json.bind-api\3.0.0\jakarta.json.bind-api-3.0.0.jar;C:\Users\Filip Warchoł\.m2\repository\jakarta\json\jakarta.json-api\2.1.0\jakarta.json-api-2.1.0.jar;C:\Users\Filip Warchoł\.m2\repository\org\eclipse\parsson\parsson\1.1.0\parsson-1.1.0.jar;C:\Users\Filip Warchoł\.m2\repository\com\fasterxml\jackson\core\jackson-databind\2.13.3\jackson-databind-2.13.3.jar;C:\Users\Filip Warchoł\.m2\repository\com\fasterxml\jackson\core\jackson-annotations\2.13.3\jackson-annotations-2.13.3.jar;C:\Users\Filip Warchoł\.m2\repository\com\fasterxml\jackson\core\jackson-core\2.13.3\jackson-core-2.13.3.jar;C:\Users\Filip Warchoł\.m2\repository\jakarta\annotation\jakarta.annotation-api\2.1.1\jakarta.annotation-api-2.1.1.jar;C:\Users\Filip Warchoł\.m2\repository\com\fasterxml\jackson\datatype\jackson-datatype-jsr310\2.13.3\jackson-datatype-jsr310-2.13.3.jar;"/>
    <property name="java.vm.vendor" value="Amazon.com Inc."/>
    <property name="sun.arch.data.model" value="64"/>
    <property name="user.variant" value=""/>
    <property name="java.vendor.url" value="https://aws.amazon.com/corretto/"/>
    <property name="user.timezone" value="Europe/Warsaw"/>
    <property name="os.name" value="Windows 11"/>
    <property name="java.vm.specification.version" value="18"/>
    <property name="sun.java.launcher" value="SUN_STANDARD"/>
    <property name="user.country" value="PL"/>
    <property name="sun.boot.library.path" value="C:\Users\Filip Warchoł\.jdks\corretto-18.0.2\bin"/>
    <property name="sun.java.command" value="C:\Users\FILIPW~1\AppData\Local\Temp\surefire18358000283680682388\surefirebooter11228853258930230793.jar C:\Users\Filip Warchoł\AppData\Local\Temp\surefire18358000283680682388 2022-12-07T19-48-20_406-jvmRun1 surefire535238953075096599tmp surefire_014037571334885194312tmp"/>
    <property name="jdk.debug" value="release"/>
    <property name="surefire.test.class.path" value="D:\----Politechnika\Semestr 5\Nierelacyjne bazy danych\Laboratorium\ORM\ORM\target\test-classes;D:\----Politechnika\Semestr 5\Nierelacyjne bazy danych\Laboratorium\ORM\ORM\target\classes;C:\Users\Filip Warchoł\.m2\repository\jakarta\persistence\jakarta.persistence-api\3.1.0\jakarta.persistence-api-3.1.0.jar;C:\Users\Filip Warchoł\.m2\repository\org\hibernate\hibernate-core-jakarta\5.6.12.Final\hibernate-core-jakarta-5.6.12.Final.jar;C:\Users\Filip Warchoł\.m2\repository\org\jboss\logging\jboss-logging\3.4.3.Final\jboss-logging-3.4.3.Final.jar;C:\Users\Filip Warchoł\.m2\repository\net\bytebuddy\byte-buddy\1.12.9\byte-buddy-1.12.9.jar;C:\Users\Filip Warchoł\.m2\repository\antlr\antlr\2.7.7\antlr-2.7.7.jar;C:\Users\Filip Warchoł\.m2\repository\jakarta\transaction\jakarta.transaction-api\2.0.0\jakarta.transaction-api-2.0.0.jar;C:\Users\Filip Warchoł\.m2\repository\org\jboss\jandex\2.4.2.Final\jandex-2.4.2.Final.jar;C:\Users\Filip Warchoł\.m2\repository\com\fasterxml\classmate\1.5.1\classmate-1.5.1.jar;C:\Users\Filip Warchoł\.m2\repository\jakarta\activation\jakarta.activation-api\2.0.1\jakarta.activation-api-2.0.1.jar;C:\Users\Filip Warchoł\.m2\repository\org\dom4j\dom4j\2.1.3\dom4j-2.1.3.jar;C:\Users\Filip Warchoł\.m2\repository\org\hibernate\common\hibernate-commons-annotations\5.1.2.Final\hibernate-commons-annotations-5.1.2.Final.jar;C:\Users\Filip Warchoł\.m2\repository\jakarta\xml\bind\jakarta.xml.bind-api\3.0.1\jakarta.xml.bind-api-3.0.1.jar;C:\Users\Filip Warchoł\.m2\repository\com\sun\activation\jakarta.activation\2.0.1\jakarta.activation-2.0.1.jar;C:\Users\Filip Warchoł\.m2\repository\io\smallrye\config\smallrye-config\3.0.0\smallrye-config-3.0.0.jar;C:\Users\Filip Warchoł\.m2\repository\io\smallrye\config\smallrye-config-core\3.0.0\smallrye-config-core-3.0.0.jar;C:\Users\Filip Warchoł\.m2\repository\org\eclipse\microprofile\config\microprofile-config-api\3.0.1\microprofile-config-api-3.0.1.jar;C:\Users\Filip Warchoł\.m2\repository\io\smallrye\common\smallrye-common-annotation\2.0.0\smallrye-common-annotation-2.0.0.jar;C:\Users\Filip Warchoł\.m2\repository\io\smallrye\common\smallrye-common-expression\2.0.0\smallrye-common-expression-2.0.0.jar;C:\Users\Filip Warchoł\.m2\repository\io\smallrye\common\smallrye-common-function\2.0.0\smallrye-common-function-2.0.0.jar;C:\Users\Filip Warchoł\.m2\repository\io\smallrye\common\smallrye-common-constraint\2.0.0\smallrye-common-constraint-2.0.0.jar;C:\Users\Filip Warchoł\.m2\repository\io\smallrye\common\smallrye-common-classloader\2.0.0\smallrye-common-classloader-2.0.0.jar;C:\Users\Filip Warchoł\.m2\repository\org\ow2\asm\asm\9.3\asm-9.3.jar;C:\Users\Filip Warchoł\.m2\repository\io\smallrye\config\smallrye-config-common\3.0.0\smallrye-config-common-3.0.0.jar;C:\Users\Filip Warchoł\.m2\repository\org\hibernate\hibernate-jpamodelgen-jakarta\5.6.12.Final\hibernate-jpamodelgen-jakarta-5.6.12.Final.jar;C:\Users\Filip Warchoł\.m2\repository\org\glassfish\jaxb\jaxb-runtime\4.0.0\jaxb-runtime-4.0.0.jar;C:\Users\Filip Warchoł\.m2\repository\org\glassfish\jaxb\jaxb-core\4.0.0\jaxb-core-4.0.0.jar;C:\Users\Filip Warchoł\.m2\repository\org\eclipse\angus\angus-activation\1.0.0\angus-activation-1.0.0.jar;C:\Users\Filip Warchoł\.m2\repository\org\glassfish\jaxb\txw2\4.0.0\txw2-4.0.0.jar;C:\Users\Filip Warchoł\.m2\repository\com\sun\istack\istack-commons-runtime\4.1.1\istack-commons-runtime-4.1.1.jar;C:\Users\Filip Warchoł\.m2\repository\org\hibernate\validator\hibernate-validator\8.0.0.Final\hibernate-validator-8.0.0.Final.jar;C:\Users\Filip Warchoł\.m2\repository\jakarta\validation\jakarta.validation-api\3.0.2\jakarta.validation-api-3.0.2.jar;C:\Users\Filip Warchoł\.m2\repository\org\projectlombok\lombok\1.18.24\lombok-1.18.24.jar;C:\Users\Filip Warchoł\.m2\repository\org\junit\jupiter\junit-jupiter-api\5.9.0\junit-jupiter-api-5.9.0.jar;C:\Users\Filip Warchoł\.m2\repository\org\opentest4j\opentest4j\1.2.0\opentest4j-1.2.0.jar;C:\Users\Filip Warchoł\.m2\repository\org\junit\platform\junit-platform-commons\1.9.0\junit-platform-commons-1.9.0.jar;C:\Users\Filip Warchoł\.m2\repository\org\apiguardian\apiguardian-api\1.1.2\apiguardian-api-1.1.2.jar;C:\Users\Filip Warchoł\.m2\repository\org\junit\jupiter\junit-jupiter-engine\5.9.0\junit-jupiter-engine-5.9.0.jar;C:\Users\Filip Warchoł\.m2\repository\org\postgresql\postgresql\42.5.0\postgresql-42.5.0.jar;C:\Users\Filip Warchoł\.m2\repository\org\checkerframework\checker-qual\3.5.0\checker-qual-3.5.0.jar;C:\Users\Filip Warchoł\.m2\repository\org\junit\platform\junit-platform-engine\1.9.0\junit-platform-engine-1.9.0.jar;C:\Users\Filip Warchoł\.m2\repository\org\mongodb\mongodb-driver-sync\4.2.3\mongodb-driver-sync-4.2.3.jar;C:\Users\Filip Warchoł\.m2\repository\org\mongodb\bson\4.2.3\bson-4.2.3.jar;C:\Users\Filip Warchoł\.m2\repository\org\mongodb\mongodb-driver-core\4.2.3\mongodb-driver-core-4.2.3.jar;C:\Users\Filip Warchoł\.m2\repository\org\mongodb\mongodb-crypt\1.4.1\mongodb-crypt-1.4.1.jar;C:\Users\Filip Warchoł\.m2\repository\net\java\dev\jna\jna\5.6.0\jna-5.6.0.jar;C:\Users\Filip Warchoł\.m2\repository\org\slf4j\slf4j-api\1.7.6\slf4j-api-1.7.6.jar;C:\Users\Filip Warchoł\.m2\repository\ch\qos\logback\logback-classic\1.2.9\logback-classic-1.2.9.jar;C:\Users\Filip Warchoł\.m2\repository\ch\qos\logback\logback-core\1.2.9\logback-core-1.2.9.jar;C:\Users\Filip Warchoł\.m2\repository\redis\clients\jedis\4.3.1\jedis-4.3.1.jar;C:\Users\Filip Warchoł\.m2\repository\org\apache\commons\commons-pool2\2.11.1\commons-pool2-2.11.1.jar;C:\Users\Filip Warchoł\.m2\repository\org\json\json\20220320\json-20220320.jar;C:\Users\Filip Warchoł\.m2\repository\com\google\code\gson\gson\2.8.9\gson-2.8.9.jar;C:\Users\Filip Warchoł\.m2\repository\biz\paluch\redis\lettuce\3.2.Final\lettuce-3.2.Final.jar;C:\Users\Filip Warchoł\.m2\repository\io\netty\netty-common\4.0.28.Final\netty-common-4.0.28.Final.jar;C:\Users\Filip Warchoł\.m2\repository\io\netty\netty-transport\4.0.28.Final\netty-transport-4.0.28.Final.jar;C:\Users\Filip Warchoł\.m2\repository\io\netty\netty-buffer\4.0.28.Final\netty-buffer-4.0.28.Final.jar;C:\Users\Filip Warchoł\.m2\repository\io\netty\netty-handler\4.0.28.Final\netty-handler-4.0.28.Final.jar;C:\Users\Filip Warchoł\.m2\repository\io\netty\netty-codec\4.0.28.Final\netty-codec-4.0.28.Final.jar;C:\Users\Filip Warchoł\.m2\repository\com\google\guava\guava\17.0\guava-17.0.jar;C:\Users\Filip Warchoł\.m2\repository\org\eclipse\yasson\3.0.1\yasson-3.0.1.jar;C:\Users\Filip Warchoł\.m2\repository\jakarta\json\bind\jakarta.json.bind-api\3.0.0\jakarta.json.bind-api-3.0.0.jar;C:\Users\Filip Warchoł\.m2\repository\jakarta\json\jakarta.json-api\2.1.0\jakarta.json-api-2.1.0.jar;C:\Users\Filip Warchoł\.m2\repository\org\eclipse\parsson\parsson\1.1.0\parsson-1.1.0.jar;C:\Users\Filip Warchoł\.m2\repository\com\fasterxml\jackson\core\jackson-databind\2.13.3\jackson-databind-2.13.3.jar;C:\Users\Filip Warchoł\.m2\repository\com\fasterxml\jackson\core\jackson-annotations\2.13.3\jackson-annotations-2.13.3.jar;C:\Users\Filip Warchoł\.m2\repository\com\fasterxml\jackson\core\jackson-core\2.13.3\jackson-core-2.13.3.jar;C:\Users\Filip Warchoł\.m2\repository\jakarta\annotation\jakarta.annotation-api\2.1.1\jakarta.annotation-api-2.1.1.jar;C:\Users\Filip Warchoł\.m2\repository\com\fasterxml\jackson\datatype\jackson-datatype-jsr310\2.13.3\jackson-datatype-jsr310-2.13.3.jar;"/>
    <property name="sun.cpu.endian" value="little"/>
    <property name="user.home" value="C:\Users\Filip Warchoł"/>
    <property name="user.language" value="pl"/>
    <property name="java.specification.vendor" value="Oracle Corporation"/>
    <property name="java.version.date" value="2022-07-19"/>
    <property name="java.home" value="C:\Users\Filip Warchoł\.jdks\corretto-18.0.2"/>
    <property name="file.separator" value="\"/>
    <property name="basedir" value="D:\----Politechnika\Semestr 5\Nierelacyjne bazy danych\Laboratorium\ORM\ORM"/>
    <property name="java.vm.compressedOopsMode" value="Zero based"/>
    <property name="line.separator" value="&#10;"/>
    <property name="java.vm.specification.vendor" value="Oracle Corporation"/>
    <property name="java.specification.name" value="Java Platform API Specification"/>
    <property name="surefire.real.class.path" value="C:\Users\FILIPW~1\AppData\Local\Temp\surefire18358000283680682388\surefirebooter11228853258930230793.jar"/>
    <property name="user.script" value=""/>
    <property name="sun.management.compiler" value="HotSpot 64-Bit Tiered Compilers"/>
    <property name="java.runtime.version" value="18.0.2+9-FR"/>
    <property name="user.name" value="Filip Warchoł"/>
    <property name="path.separator" value=";"/>
    <property name="os.version" value="10.0"/>
    <property name="java.runtime.name" value="OpenJDK Runtime Environment"/>
    <property name="file.encoding" value="UTF-8"/>
    <property name="java.vm.name" value="OpenJDK 64-Bit Server VM"/>
    <property name="java.vendor.version" value="Corretto-18.0.2.9.1"/>
    <property name="localRepository" value="C:\Users\Filip Warchoł\.m2\repository"/>
    <property name="java.vendor.url.bug" value="https://github.com/corretto/corretto-18/issues/"/>
    <property name="java.io.tmpdir" value="C:\Users\FILIPW~1\AppData\Local\Temp\"/>
    <property name="idea.version" value="2022.2.3"/>
    <property name="java.version" value="18.0.2"/>
    <property name="user.dir" value="D:\----Politechnika\Semestr 5\Nierelacyjne bazy danych\Laboratorium\ORM\ORM"/>
    <property name="os.arch" value="amd64"/>
    <property name="java.vm.specification.name" value="Java Virtual Machine Specification"/>
    <property name="sun.os.patch.level" value=""/>
    <property name="native.encoding" value="Cp1250"/>
    <property name="java.library.path" value="C:\Users\Filip Warchoł\.jdks\corretto-18.0.2\bin;C:\WINDOWS\Sun\Java\bin;C:\WINDOWS\system32;C:\WINDOWS;C:\Program Files\Common Files\Oracle\Java\javapath;C:\Program Files (x86)\Common Files\Intel\Shared Libraries\redist\intel64\compiler;C:\Program Files (x86)\Intel\Intel(R) Management Engine Components\iCLS\;C:\Program Files\Intel\Intel(R) Management Engine Components\iCLS\;C:\Windows\system32;C:\Windows;C:\Windows\System32\Wbem;C:\Windows\System32\WindowsPowerShell\v1.0\;C:\Windows\System32\OpenSSH\;C:\Program Files (x86)\NVIDIA Corporation\PhysX\Common;C:\Program Files (x86)\Intel\Intel(R) Management Engine Components\DAL;C:\Program Files\Intel\Intel(R) Management Engine Components\DAL;C:\Program Files (x86)\Intel\Intel(R) Management Engine Components\IPT;C:\Program Files\Intel\Intel(R) Management Engine Components\IPT;C:\WINDOWS\system32;C:\WINDOWS;C:\WINDOWS\System32\Wbem;C:\WINDOWS\System32\WindowsPowerShell\v1.0\;C:\WINDOWS\System32\OpenSSH\;C:\Program Files\dotnet\;C:\WINDOWS\system32;C:\WINDOWS;C:\WINDOWS\System32\Wbem;C:\WINDOWS\System32\WindowsPowerShell\v1.0\;C:\WINDOWS\System32\OpenSSH\;C:\Program Files\Azure Data Studio\bin;C:\Program Files\Microsoft SQL Server\Client SDK\ODBC\170\Tools\Binn\;C:\Program Files (x86)\Microsoft SQL Server\150\Tools\Binn\;C:\Program Files\Microsoft SQL Server\150\Tools\Binn\;C:\Program Files\Microsoft SQL Server\150\DTS\Binn\;C:\Program Files (x86)\Microsoft SQL Server\150\DTS\Binn\;D:\Programy\PostgreSQL\bin;D:\Programy\PostgreSQL\lib;D:\Programy\NodeJS\;C:\Program Files\Docker\Docker\resources\bin;C:\ProgramData\DockerDesktop\version-bin;C:\Users\Filip Warchoł\AppData\Local\Microsoft\WindowsApps;D:\Politechnika\Semestr 3\Programowanie komponentowe\Laby\Srodowisko\usr\bin;C:\Programy\Maven\apache-maven-3.8.3-bin\apache-maven-3.8.3\bin;C:\Programy\Java\openjdk-17\bin;C:\Programy\MSYS\usr\bin;C:\Program Files\Azure Data Studio\bin;D:\Programy\VisualStudioCode\Microsoft VS Code\bin;C:\Program Files\Azure Data Studio\bin;C:\Users\Filip Warchoł\AppData\Roaming\npm;C:\Users\Filip Warchoł\AppData\Local\JetBrains\Toolbox\scripts;;."/>
    <property name="java.vm.info" value="mixed mode, sharing"/>
    <property name="java.vendor" value="Amazon.com Inc."/>
    <property name="java.vm.version" value="18.0.2+9-FR"/>
    <property name="sun.io.unicode.encoding" value="UnicodeLittle"/>
    <property name="java.class.version" value="62.0"/>
  </properties>
  <testcase name="BenchmarkTest" classname="BenchmarkTest" time="30.69">
    <error message="Timed out after 30000 ms while waiting to connect. Client view of cluster state is {type=UNKNOWN, servers=[{address=localhost:27017, type=UNKNOWN, state=CONNECTING, exception={com.mongodb.MongoSocketOpenException: Exception opening socket}, caused by {java.net.ConnectException: Connection refused: no further information}}]" type="com.mongodb.MongoTimeoutException">com.mongodb.MongoTimeoutException: Timed out after 30000 ms while waiting to connect. Client view of cluster state is {type=UNKNOWN, servers=[{address=localhost:27017, type=UNKNOWN, state=CONNECTING, exception={com.mongodb.MongoSocketOpenException: Exception opening socket}, caused by {java.net.ConnectException: Connection refused: no further information}}]
	at BenchmarkTest.initialization(BenchmarkTest.java:29)
</error>
    <system-out><![CDATA[19:48:21.853 [main] INFO org.mongodb.driver.cluster - Cluster created with settings {hosts=[localhost:27017], mode=SINGLE, requiredClusterType=UNKNOWN, serverSelectionTimeout='30000 ms'}
19:48:21.896 [main] DEBUG org.mongodb.driver.cluster - Updating cluster description to  {type=UNKNOWN, servers=[{address=localhost:27017, type=UNKNOWN, state=CONNECTING}]
19:48:21.923 [main] INFO org.mongodb.driver.cluster - Cluster created with settings {hosts=[localhost:27017], mode=SINGLE, requiredClusterType=UNKNOWN, serverSelectionTimeout='30000 ms'}
19:48:21.925 [main] DEBUG org.mongodb.driver.cluster - Updating cluster description to  {type=UNKNOWN, servers=[{address=localhost:27017, type=UNKNOWN, state=CONNECTING}]
19:48:21.934 [cluster-rtt-ClusterId{value='6390dff5a14d8a4c82d04832', description='null'}-localhost:27017] DEBUG org.mongodb.driver.connection - Closing connection connectionId{localValue:2}
19:48:21.934 [cluster-ClusterId{value='6390dff5a14d8a4c82d04833', description='null'}-localhost:27017] DEBUG org.mongodb.driver.connection - Closing connection connectionId{localValue:3}
19:48:21.934 [cluster-ClusterId{value='6390dff5a14d8a4c82d04832', description='null'}-localhost:27017] DEBUG org.mongodb.driver.connection - Closing connection connectionId{localValue:1}
19:48:21.934 [cluster-rtt-ClusterId{value='6390dff5a14d8a4c82d04833', description='null'}-localhost:27017] DEBUG org.mongodb.driver.connection - Closing connection connectionId{localValue:4}
19:48:21.938 [cluster-ClusterId{value='6390dff5a14d8a4c82d04833', description='null'}-localhost:27017] INFO org.mongodb.driver.cluster - Exception in monitor thread while connecting to server localhost:27017
com.mongodb.MongoSocketOpenException: Exception opening socket
	at com.mongodb.internal.connection.SocketStream.open(SocketStream.java:70)
	at com.mongodb.internal.connection.InternalStreamConnection.open(InternalStreamConnection.java:143)
	at com.mongodb.internal.connection.DefaultServerMonitor$ServerMonitorRunnable.lookupServerDescription(DefaultServerMonitor.java:188)
	at com.mongodb.internal.connection.DefaultServerMonitor$ServerMonitorRunnable.run(DefaultServerMonitor.java:144)
	at java.base/java.lang.Thread.run(Thread.java:833)
Caused by: java.net.ConnectException: Connection refused: no further information
	at java.base/sun.nio.ch.Net.pollConnect(Native Method)
	at java.base/sun.nio.ch.Net.pollConnectNow(Net.java:672)
	at java.base/sun.nio.ch.NioSocketImpl.timedFinishConnect(NioSocketImpl.java:539)
	at java.base/sun.nio.ch.NioSocketImpl.connect(NioSocketImpl.java:594)
	at java.base/java.net.SocksSocketImpl.connect(SocksSocketImpl.java:327)
	at java.base/java.net.Socket.connect(Socket.java:633)
	at com.mongodb.internal.connection.SocketStreamHelper.initialize(SocketStreamHelper.java:107)
	at com.mongodb.internal.connection.SocketStream.initializeSocket(SocketStream.java:79)
	at com.mongodb.internal.connection.SocketStream.open(SocketStream.java:65)
	... 4 common frames omitted
19:48:21.938 [cluster-ClusterId{value='6390dff5a14d8a4c82d04832', description='null'}-localhost:27017] INFO org.mongodb.driver.cluster - Exception in monitor thread while connecting to server localhost:27017
com.mongodb.MongoSocketOpenException: Exception opening socket
	at com.mongodb.internal.connection.SocketStream.open(SocketStream.java:70)
	at com.mongodb.internal.connection.InternalStreamConnection.open(InternalStreamConnection.java:143)
	at com.mongodb.internal.connection.DefaultServerMonitor$ServerMonitorRunnable.lookupServerDescription(DefaultServerMonitor.java:188)
	at com.mongodb.internal.connection.DefaultServerMonitor$ServerMonitorRunnable.run(DefaultServerMonitor.java:144)
	at java.base/java.lang.Thread.run(Thread.java:833)
Caused by: java.net.ConnectException: Connection refused: no further information
	at java.base/sun.nio.ch.Net.pollConnect(Native Method)
	at java.base/sun.nio.ch.Net.pollConnectNow(Net.java:672)
	at java.base/sun.nio.ch.NioSocketImpl.timedFinishConnect(NioSocketImpl.java:539)
	at java.base/sun.nio.ch.NioSocketImpl.connect(NioSocketImpl.java:594)
	at java.base/java.net.SocksSocketImpl.connect(SocksSocketImpl.java:327)
	at java.base/java.net.Socket.connect(Socket.java:633)
	at com.mongodb.internal.connection.SocketStreamHelper.initialize(SocketStreamHelper.java:107)
	at com.mongodb.internal.connection.SocketStream.initializeSocket(SocketStream.java:79)
	at com.mongodb.internal.connection.SocketStream.open(SocketStream.java:65)
	... 4 common frames omitted
19:48:21.939 [cluster-ClusterId{value='6390dff5a14d8a4c82d04832', description='null'}-localhost:27017] DEBUG org.mongodb.driver.cluster - Updating cluster description to  {type=UNKNOWN, servers=[{address=localhost:27017, type=UNKNOWN, state=CONNECTING, exception={com.mongodb.MongoSocketOpenException: Exception opening socket}, caused by {java.net.ConnectException: Connection refused: no further information}}]
19:48:21.939 [cluster-ClusterId{value='6390dff5a14d8a4c82d04833', description='null'}-localhost:27017] DEBUG org.mongodb.driver.cluster - Updating cluster description to  {type=UNKNOWN, servers=[{address=localhost:27017, type=UNKNOWN, state=CONNECTING, exception={com.mongodb.MongoSocketOpenException: Exception opening socket}, caused by {java.net.ConnectException: Connection refused: no further information}}]
19:48:21.939 [cluster-ClusterId{value='6390dff5a14d8a4c82d04833', description='null'}-localhost:27017] DEBUG org.mongodb.driver.connection - Invalidating the connection pool
19:48:21.939 [cluster-ClusterId{value='6390dff5a14d8a4c82d04832', description='null'}-localhost:27017] DEBUG org.mongodb.driver.connection - Invalidating the connection pool
19:48:22.238 [main] INFO org.mongodb.driver.cluster - Cluster description not yet available. Waiting for 30000 ms before timing out
19:48:22.442 [cluster-ClusterId{value='6390dff5a14d8a4c82d04833', description='null'}-localhost:27017] DEBUG org.mongodb.driver.connection - Closing connection connectionId{localValue:5}
19:48:22.442 [cluster-ClusterId{value='6390dff5a14d8a4c82d04833', description='null'}-localhost:27017] DEBUG org.mongodb.driver.cluster - Updating cluster description to  {type=UNKNOWN, servers=[{address=localhost:27017, type=UNKNOWN, state=CONNECTING, exception={com.mongodb.MongoSocketOpenException: Exception opening socket}, caused by {java.net.ConnectException: Connection refused: no further information}}]
19:48:22.442 [cluster-ClusterId{value='6390dff5a14d8a4c82d04833', description='null'}-localhost:27017] DEBUG org.mongodb.driver.connection - Invalidating the connection pool
19:48:22.953 [cluster-ClusterId{value='6390dff5a14d8a4c82d04833', description='null'}-localhost:27017] DEBUG org.mongodb.driver.connection - Closing connection connectionId{localValue:6}
19:48:22.953 [cluster-ClusterId{value='6390dff5a14d8a4c82d04833', description='null'}-localhost:27017] DEBUG org.mongodb.driver.cluster - Updating cluster description to  {type=UNKNOWN, servers=[{address=localhost:27017, type=UNKNOWN, state=CONNECTING, exception={com.mongodb.MongoSocketOpenException: Exception opening socket}, caused by {java.net.ConnectException: Connection refused: no further information}}]
19:48:22.953 [cluster-ClusterId{value='6390dff5a14d8a4c82d04833', description='null'}-localhost:27017] DEBUG org.mongodb.driver.connection - Invalidating the connection pool
19:48:23.463 [cluster-ClusterId{value='6390dff5a14d8a4c82d04833', description='null'}-localhost:27017] DEBUG org.mongodb.driver.connection - Closing connection connectionId{localValue:7}
19:48:23.463 [cluster-ClusterId{value='6390dff5a14d8a4c82d04833', description='null'}-localhost:27017] DEBUG org.mongodb.driver.cluster - Updating cluster description to  {type=UNKNOWN, servers=[{address=localhost:27017, type=UNKNOWN, state=CONNECTING, exception={com.mongodb.MongoSocketOpenException: Exception opening socket}, caused by {java.net.ConnectException: Connection refused: no further information}}]
19:48:23.463 [cluster-ClusterId{value='6390dff5a14d8a4c82d04833', description='null'}-localhost:27017] DEBUG org.mongodb.driver.connection - Invalidating the connection pool
19:48:23.992 [cluster-ClusterId{value='6390dff5a14d8a4c82d04833', description='null'}-localhost:27017] DEBUG org.mongodb.driver.connection - Closing connection connectionId{localValue:8}
19:48:23.992 [cluster-ClusterId{value='6390dff5a14d8a4c82d04833', description='null'}-localhost:27017] DEBUG org.mongodb.driver.cluster - Updating cluster description to  {type=UNKNOWN, servers=[{address=localhost:27017, type=UNKNOWN, state=CONNECTING, exception={com.mongodb.MongoSocketOpenException: Exception opening socket}, caused by {java.net.ConnectException: Connection refused: no further information}}]
19:48:23.992 [cluster-ClusterId{value='6390dff5a14d8a4c82d04833', description='null'}-localhost:27017] DEBUG org.mongodb.driver.connection - Invalidating the connection pool
19:48:24.519 [cluster-ClusterId{value='6390dff5a14d8a4c82d04833', description='null'}-localhost:27017] DEBUG org.mongodb.driver.connection - Closing connection connectionId{localValue:9}
19:48:24.519 [cluster-ClusterId{value='6390dff5a14d8a4c82d04833', description='null'}-localhost:27017] DEBUG org.mongodb.driver.cluster - Updating cluster description to  {type=UNKNOWN, servers=[{address=localhost:27017, type=UNKNOWN, state=CONNECTING, exception={com.mongodb.MongoSocketOpenException: Exception opening socket}, caused by {java.net.ConnectException: Connection refused: no further information}}]
19:48:24.519 [cluster-ClusterId{value='6390dff5a14d8a4c82d04833', description='null'}-localhost:27017] DEBUG org.mongodb.driver.connection - Invalidating the connection pool
19:48:25.019 [cluster-ClusterId{value='6390dff5a14d8a4c82d04833', description='null'}-localhost:27017] DEBUG org.mongodb.driver.connection - Closing connection connectionId{localValue:10}
19:48:25.020 [cluster-ClusterId{value='6390dff5a14d8a4c82d04833', description='null'}-localhost:27017] DEBUG org.mongodb.driver.cluster - Updating cluster description to  {type=UNKNOWN, servers=[{address=localhost:27017, type=UNKNOWN, state=CONNECTING, exception={com.mongodb.MongoSocketOpenException: Exception opening socket}, caused by {java.net.ConnectException: Connection refused: no further information}}]
19:48:25.020 [cluster-ClusterId{value='6390dff5a14d8a4c82d04833', description='null'}-localhost:27017] DEBUG org.mongodb.driver.connection - Invalidating the connection pool
19:48:25.544 [cluster-ClusterId{value='6390dff5a14d8a4c82d04833', description='null'}-localhost:27017] DEBUG org.mongodb.driver.connection - Closing connection connectionId{localValue:11}
19:48:25.544 [cluster-ClusterId{value='6390dff5a14d8a4c82d04833', description='null'}-localhost:27017] DEBUG org.mongodb.driver.cluster - Updating cluster description to  {type=UNKNOWN, servers=[{address=localhost:27017, type=UNKNOWN, state=CONNECTING, exception={com.mongodb.MongoSocketOpenException: Exception opening socket}, caused by {java.net.ConnectException: Connection refused: no further information}}]
19:48:25.544 [cluster-ClusterId{value='6390dff5a14d8a4c82d04833', description='null'}-localhost:27017] DEBUG org.mongodb.driver.connection - Invalidating the connection pool
19:48:26.059 [cluster-ClusterId{value='6390dff5a14d8a4c82d04833', description='null'}-localhost:27017] DEBUG org.mongodb.driver.connection - Closing connection connectionId{localValue:12}
19:48:26.059 [cluster-ClusterId{value='6390dff5a14d8a4c82d04833', description='null'}-localhost:27017] DEBUG org.mongodb.driver.cluster - Updating cluster description to  {type=UNKNOWN, servers=[{address=localhost:27017, type=UNKNOWN, state=CONNECTING, exception={com.mongodb.MongoSocketOpenException: Exception opening socket}, caused by {java.net.ConnectException: Connection refused: no further information}}]
19:48:26.060 [cluster-ClusterId{value='6390dff5a14d8a4c82d04833', description='null'}-localhost:27017] DEBUG org.mongodb.driver.connection - Invalidating the connection pool
19:48:26.570 [cluster-ClusterId{value='6390dff5a14d8a4c82d04833', description='null'}-localhost:27017] DEBUG org.mongodb.driver.connection - Closing connection connectionId{localValue:13}
19:48:26.570 [cluster-ClusterId{value='6390dff5a14d8a4c82d04833', description='null'}-localhost:27017] DEBUG org.mongodb.driver.cluster - Updating cluster description to  {type=UNKNOWN, servers=[{address=localhost:27017, type=UNKNOWN, state=CONNECTING, exception={com.mongodb.MongoSocketOpenException: Exception opening socket}, caused by {java.net.ConnectException: Connection refused: no further information}}]
19:48:26.570 [cluster-ClusterId{value='6390dff5a14d8a4c82d04833', description='null'}-localhost:27017] DEBUG org.mongodb.driver.connection - Invalidating the connection pool
19:48:27.096 [cluster-ClusterId{value='6390dff5a14d8a4c82d04833', description='null'}-localhost:27017] DEBUG org.mongodb.driver.connection - Closing connection connectionId{localValue:14}
19:48:27.097 [cluster-ClusterId{value='6390dff5a14d8a4c82d04833', description='null'}-localhost:27017] DEBUG org.mongodb.driver.cluster - Updating cluster description to  {type=UNKNOWN, servers=[{address=localhost:27017, type=UNKNOWN, state=CONNECTING, exception={com.mongodb.MongoSocketOpenException: Exception opening socket}, caused by {java.net.ConnectException: Connection refused: no further information}}]
19:48:27.097 [cluster-ClusterId{value='6390dff5a14d8a4c82d04833', description='null'}-localhost:27017] DEBUG org.mongodb.driver.connection - Invalidating the connection pool
19:48:27.627 [cluster-ClusterId{value='6390dff5a14d8a4c82d04833', description='null'}-localhost:27017] DEBUG org.mongodb.driver.connection - Closing connection connectionId{localValue:15}
19:48:27.627 [cluster-ClusterId{value='6390dff5a14d8a4c82d04833', description='null'}-localhost:27017] DEBUG org.mongodb.driver.cluster - Updating cluster description to  {type=UNKNOWN, servers=[{address=localhost:27017, type=UNKNOWN, state=CONNECTING, exception={com.mongodb.MongoSocketOpenException: Exception opening socket}, caused by {java.net.ConnectException: Connection refused: no further information}}]
19:48:27.627 [cluster-ClusterId{value='6390dff5a14d8a4c82d04833', description='null'}-localhost:27017] DEBUG org.mongodb.driver.connection - Invalidating the connection pool
19:48:28.151 [cluster-ClusterId{value='6390dff5a14d8a4c82d04833', description='null'}-localhost:27017] DEBUG org.mongodb.driver.connection - Closing connection connectionId{localValue:16}
19:48:28.151 [cluster-ClusterId{value='6390dff5a14d8a4c82d04833', description='null'}-localhost:27017] DEBUG org.mongodb.driver.cluster - Updating cluster description to  {type=UNKNOWN, servers=[{address=localhost:27017, type=UNKNOWN, state=CONNECTING, exception={com.mongodb.MongoSocketOpenException: Exception opening socket}, caused by {java.net.ConnectException: Connection refused: no further information}}]
19:48:28.151 [cluster-ClusterId{value='6390dff5a14d8a4c82d04833', description='null'}-localhost:27017] DEBUG org.mongodb.driver.connection - Invalidating the connection pool
19:48:28.668 [cluster-ClusterId{value='6390dff5a14d8a4c82d04833', description='null'}-localhost:27017] DEBUG org.mongodb.driver.connection - Closing connection connectionId{localValue:17}
19:48:28.668 [cluster-ClusterId{value='6390dff5a14d8a4c82d04833', description='null'}-localhost:27017] DEBUG org.mongodb.driver.cluster - Updating cluster description to  {type=UNKNOWN, servers=[{address=localhost:27017, type=UNKNOWN, state=CONNECTING, exception={com.mongodb.MongoSocketOpenException: Exception opening socket}, caused by {java.net.ConnectException: Connection refused: no further information}}]
19:48:28.668 [cluster-ClusterId{value='6390dff5a14d8a4c82d04833', description='null'}-localhost:27017] DEBUG org.mongodb.driver.connection - Invalidating the connection pool
19:48:29.177 [cluster-ClusterId{value='6390dff5a14d8a4c82d04833', description='null'}-localhost:27017] DEBUG org.mongodb.driver.connection - Closing connection connectionId{localValue:18}
19:48:29.177 [cluster-ClusterId{value='6390dff5a14d8a4c82d04833', description='null'}-localhost:27017] DEBUG org.mongodb.driver.cluster - Updating cluster description to  {type=UNKNOWN, servers=[{address=localhost:27017, type=UNKNOWN, state=CONNECTING, exception={com.mongodb.MongoSocketOpenException: Exception opening socket}, caused by {java.net.ConnectException: Connection refused: no further information}}]
19:48:29.178 [cluster-ClusterId{value='6390dff5a14d8a4c82d04833', description='null'}-localhost:27017] DEBUG org.mongodb.driver.connection - Invalidating the connection pool
19:48:29.704 [cluster-ClusterId{value='6390dff5a14d8a4c82d04833', description='null'}-localhost:27017] DEBUG org.mongodb.driver.connection - Closing connection connectionId{localValue:19}
19:48:29.704 [cluster-ClusterId{value='6390dff5a14d8a4c82d04833', description='null'}-localhost:27017] DEBUG org.mongodb.driver.cluster - Updating cluster description to  {type=UNKNOWN, servers=[{address=localhost:27017, type=UNKNOWN, state=CONNECTING, exception={com.mongodb.MongoSocketOpenException: Exception opening socket}, caused by {java.net.ConnectException: Connection refused: no further information}}]
19:48:29.704 [cluster-ClusterId{value='6390dff5a14d8a4c82d04833', description='null'}-localhost:27017] DEBUG org.mongodb.driver.connection - Invalidating the connection pool
19:48:30.219 [cluster-ClusterId{value='6390dff5a14d8a4c82d04833', description='null'}-localhost:27017] DEBUG org.mongodb.driver.connection - Closing connection connectionId{localValue:20}
19:48:30.219 [cluster-ClusterId{value='6390dff5a14d8a4c82d04833', description='null'}-localhost:27017] DEBUG org.mongodb.driver.cluster - Updating cluster description to  {type=UNKNOWN, servers=[{address=localhost:27017, type=UNKNOWN, state=CONNECTING, exception={com.mongodb.MongoSocketOpenException: Exception opening socket}, caused by {java.net.ConnectException: Connection refused: no further information}}]
19:48:30.219 [cluster-ClusterId{value='6390dff5a14d8a4c82d04833', description='null'}-localhost:27017] DEBUG org.mongodb.driver.connection - Invalidating the connection pool
19:48:30.739 [cluster-ClusterId{value='6390dff5a14d8a4c82d04833', description='null'}-localhost:27017] DEBUG org.mongodb.driver.connection - Closing connection connectionId{localValue:21}
19:48:30.740 [cluster-ClusterId{value='6390dff5a14d8a4c82d04833', description='null'}-localhost:27017] DEBUG org.mongodb.driver.cluster - Updating cluster description to  {type=UNKNOWN, servers=[{address=localhost:27017, type=UNKNOWN, state=CONNECTING, exception={com.mongodb.MongoSocketOpenException: Exception opening socket}, caused by {java.net.ConnectException: Connection refused: no further information}}]
19:48:30.741 [cluster-ClusterId{value='6390dff5a14d8a4c82d04833', description='null'}-localhost:27017] DEBUG org.mongodb.driver.connection - Invalidating the connection pool
19:48:31.242 [cluster-ClusterId{value='6390dff5a14d8a4c82d04833', description='null'}-localhost:27017] DEBUG org.mongodb.driver.connection - Closing connection connectionId{localValue:22}
19:48:31.242 [cluster-ClusterId{value='6390dff5a14d8a4c82d04833', description='null'}-localhost:27017] DEBUG org.mongodb.driver.cluster - Updating cluster description to  {type=UNKNOWN, servers=[{address=localhost:27017, type=UNKNOWN, state=CONNECTING, exception={com.mongodb.MongoSocketOpenException: Exception opening socket}, caused by {java.net.ConnectException: Connection refused: no further information}}]
19:48:31.242 [cluster-ClusterId{value='6390dff5a14d8a4c82d04833', description='null'}-localhost:27017] DEBUG org.mongodb.driver.connection - Invalidating the connection pool
19:48:31.761 [cluster-ClusterId{value='6390dff5a14d8a4c82d04833', description='null'}-localhost:27017] DEBUG org.mongodb.driver.connection - Closing connection connectionId{localValue:23}
19:48:31.761 [cluster-ClusterId{value='6390dff5a14d8a4c82d04833', description='null'}-localhost:27017] DEBUG org.mongodb.driver.cluster - Updating cluster description to  {type=UNKNOWN, servers=[{address=localhost:27017, type=UNKNOWN, state=CONNECTING, exception={com.mongodb.MongoSocketOpenException: Exception opening socket}, caused by {java.net.ConnectException: Connection refused: no further information}}]
19:48:31.761 [cluster-ClusterId{value='6390dff5a14d8a4c82d04833', description='null'}-localhost:27017] DEBUG org.mongodb.driver.connection - Invalidating the connection pool
19:48:31.951 [cluster-ClusterId{value='6390dff5a14d8a4c82d04832', description='null'}-localhost:27017] DEBUG org.mongodb.driver.connection - Closing connection connectionId{localValue:25}
19:48:31.951 [cluster-rtt-ClusterId{value='6390dff5a14d8a4c82d04832', description='null'}-localhost:27017] DEBUG org.mongodb.driver.connection - Closing connection connectionId{localValue:24}
19:48:31.952 [cluster-ClusterId{value='6390dff5a14d8a4c82d04832', description='null'}-localhost:27017] DEBUG org.mongodb.driver.cluster - Updating cluster description to  {type=UNKNOWN, servers=[{address=localhost:27017, type=UNKNOWN, state=CONNECTING, exception={com.mongodb.MongoSocketOpenException: Exception opening socket}, caused by {java.net.ConnectException: Connection refused: no further information}}]
19:48:31.952 [cluster-ClusterId{value='6390dff5a14d8a4c82d04832', description='null'}-localhost:27017] DEBUG org.mongodb.driver.connection - Invalidating the connection pool
19:48:31.952 [cluster-rtt-ClusterId{value='6390dff5a14d8a4c82d04833', description='null'}-localhost:27017] DEBUG org.mongodb.driver.connection - Closing connection connectionId{localValue:26}
19:48:32.290 [cluster-ClusterId{value='6390dff5a14d8a4c82d04833', description='null'}-localhost:27017] DEBUG org.mongodb.driver.connection - Closing connection connectionId{localValue:27}
19:48:32.290 [cluster-ClusterId{value='6390dff5a14d8a4c82d04833', description='null'}-localhost:27017] DEBUG org.mongodb.driver.cluster - Updating cluster description to  {type=UNKNOWN, servers=[{address=localhost:27017, type=UNKNOWN, state=CONNECTING, exception={com.mongodb.MongoSocketOpenException: Exception opening socket}, caused by {java.net.ConnectException: Connection refused: no further information}}]
19:48:32.290 [cluster-ClusterId{value='6390dff5a14d8a4c82d04833', description='null'}-localhost:27017] DEBUG org.mongodb.driver.connection - Invalidating the connection pool
19:48:32.802 [cluster-ClusterId{value='6390dff5a14d8a4c82d04833', description='null'}-localhost:27017] DEBUG org.mongodb.driver.connection - Closing connection connectionId{localValue:28}
19:48:32.803 [cluster-ClusterId{value='6390dff5a14d8a4c82d04833', description='null'}-localhost:27017] DEBUG org.mongodb.driver.cluster - Updating cluster description to  {type=UNKNOWN, servers=[{address=localhost:27017, type=UNKNOWN, state=CONNECTING, exception={com.mongodb.MongoSocketOpenException: Exception opening socket}, caused by {java.net.ConnectException: Connection refused: no further information}}]
19:48:32.803 [cluster-ClusterId{value='6390dff5a14d8a4c82d04833', description='null'}-localhost:27017] DEBUG org.mongodb.driver.connection - Invalidating the connection pool
19:48:33.314 [cluster-ClusterId{value='6390dff5a14d8a4c82d04833', description='null'}-localhost:27017] DEBUG org.mongodb.driver.connection - Closing connection connectionId{localValue:29}
19:48:33.314 [cluster-ClusterId{value='6390dff5a14d8a4c82d04833', description='null'}-localhost:27017] DEBUG org.mongodb.driver.cluster - Updating cluster description to  {type=UNKNOWN, servers=[{address=localhost:27017, type=UNKNOWN, state=CONNECTING, exception={com.mongodb.MongoSocketOpenException: Exception opening socket}, caused by {java.net.ConnectException: Connection refused: no further information}}]
19:48:33.314 [cluster-ClusterId{value='6390dff5a14d8a4c82d04833', description='null'}-localhost:27017] DEBUG org.mongodb.driver.connection - Invalidating the connection pool
19:48:33.824 [cluster-ClusterId{value='6390dff5a14d8a4c82d04833', description='null'}-localhost:27017] DEBUG org.mongodb.driver.connection - Closing connection connectionId{localValue:30}
19:48:33.824 [cluster-ClusterId{value='6390dff5a14d8a4c82d04833', description='null'}-localhost:27017] DEBUG org.mongodb.driver.cluster - Updating cluster description to  {type=UNKNOWN, servers=[{address=localhost:27017, type=UNKNOWN, state=CONNECTING, exception={com.mongodb.MongoSocketOpenException: Exception opening socket}, caused by {java.net.ConnectException: Connection refused: no further information}}]
19:48:33.824 [cluster-ClusterId{value='6390dff5a14d8a4c82d04833', description='null'}-localhost:27017] DEBUG org.mongodb.driver.connection - Invalidating the connection pool
19:48:34.336 [cluster-ClusterId{value='6390dff5a14d8a4c82d04833', description='null'}-localhost:27017] DEBUG org.mongodb.driver.connection - Closing connection connectionId{localValue:31}
19:48:34.336 [cluster-ClusterId{value='6390dff5a14d8a4c82d04833', description='null'}-localhost:27017] DEBUG org.mongodb.driver.cluster - Updating cluster description to  {type=UNKNOWN, servers=[{address=localhost:27017, type=UNKNOWN, state=CONNECTING, exception={com.mongodb.MongoSocketOpenException: Exception opening socket}, caused by {java.net.ConnectException: Connection refused: no further information}}]
19:48:34.337 [cluster-ClusterId{value='6390dff5a14d8a4c82d04833', description='null'}-localhost:27017] DEBUG org.mongodb.driver.connection - Invalidating the connection pool
19:48:34.865 [cluster-ClusterId{value='6390dff5a14d8a4c82d04833', description='null'}-localhost:27017] DEBUG org.mongodb.driver.connection - Closing connection connectionId{localValue:32}
19:48:34.865 [cluster-ClusterId{value='6390dff5a14d8a4c82d04833', description='null'}-localhost:27017] DEBUG org.mongodb.driver.cluster - Updating cluster description to  {type=UNKNOWN, servers=[{address=localhost:27017, type=UNKNOWN, state=CONNECTING, exception={com.mongodb.MongoSocketOpenException: Exception opening socket}, caused by {java.net.ConnectException: Connection refused: no further information}}]
19:48:34.865 [cluster-ClusterId{value='6390dff5a14d8a4c82d04833', description='null'}-localhost:27017] DEBUG org.mongodb.driver.connection - Invalidating the connection pool
19:48:35.378 [cluster-ClusterId{value='6390dff5a14d8a4c82d04833', description='null'}-localhost:27017] DEBUG org.mongodb.driver.connection - Closing connection connectionId{localValue:33}
19:48:35.378 [cluster-ClusterId{value='6390dff5a14d8a4c82d04833', description='null'}-localhost:27017] DEBUG org.mongodb.driver.cluster - Updating cluster description to  {type=UNKNOWN, servers=[{address=localhost:27017, type=UNKNOWN, state=CONNECTING, exception={com.mongodb.MongoSocketOpenException: Exception opening socket}, caused by {java.net.ConnectException: Connection refused: no further information}}]
19:48:35.378 [cluster-ClusterId{value='6390dff5a14d8a4c82d04833', description='null'}-localhost:27017] DEBUG org.mongodb.driver.connection - Invalidating the connection pool
19:48:35.907 [cluster-ClusterId{value='6390dff5a14d8a4c82d04833', description='null'}-localhost:27017] DEBUG org.mongodb.driver.connection - Closing connection connectionId{localValue:34}
19:48:35.907 [cluster-ClusterId{value='6390dff5a14d8a4c82d04833', description='null'}-localhost:27017] DEBUG org.mongodb.driver.cluster - Updating cluster description to  {type=UNKNOWN, servers=[{address=localhost:27017, type=UNKNOWN, state=CONNECTING, exception={com.mongodb.MongoSocketOpenException: Exception opening socket}, caused by {java.net.ConnectException: Connection refused: no further information}}]
19:48:35.907 [cluster-ClusterId{value='6390dff5a14d8a4c82d04833', description='null'}-localhost:27017] DEBUG org.mongodb.driver.connection - Invalidating the connection pool
19:48:36.435 [cluster-ClusterId{value='6390dff5a14d8a4c82d04833', description='null'}-localhost:27017] DEBUG org.mongodb.driver.connection - Closing connection connectionId{localValue:35}
19:48:36.436 [cluster-ClusterId{value='6390dff5a14d8a4c82d04833', description='null'}-localhost:27017] DEBUG org.mongodb.driver.cluster - Updating cluster description to  {type=UNKNOWN, servers=[{address=localhost:27017, type=UNKNOWN, state=CONNECTING, exception={com.mongodb.MongoSocketOpenException: Exception opening socket}, caused by {java.net.ConnectException: Connection refused: no further information}}]
19:48:36.436 [cluster-ClusterId{value='6390dff5a14d8a4c82d04833', description='null'}-localhost:27017] DEBUG org.mongodb.driver.connection - Invalidating the connection pool
19:48:36.963 [cluster-ClusterId{value='6390dff5a14d8a4c82d04833', description='null'}-localhost:27017] DEBUG org.mongodb.driver.connection - Closing connection connectionId{localValue:36}
19:48:36.963 [cluster-ClusterId{value='6390dff5a14d8a4c82d04833', description='null'}-localhost:27017] DEBUG org.mongodb.driver.cluster - Updating cluster description to  {type=UNKNOWN, servers=[{address=localhost:27017, type=UNKNOWN, state=CONNECTING, exception={com.mongodb.MongoSocketOpenException: Exception opening socket}, caused by {java.net.ConnectException: Connection refused: no further information}}]
19:48:36.963 [cluster-ClusterId{value='6390dff5a14d8a4c82d04833', description='null'}-localhost:27017] DEBUG org.mongodb.driver.connection - Invalidating the connection pool
19:48:37.479 [cluster-ClusterId{value='6390dff5a14d8a4c82d04833', description='null'}-localhost:27017] DEBUG org.mongodb.driver.connection - Closing connection connectionId{localValue:37}
19:48:37.479 [cluster-ClusterId{value='6390dff5a14d8a4c82d04833', description='null'}-localhost:27017] DEBUG org.mongodb.driver.cluster - Updating cluster description to  {type=UNKNOWN, servers=[{address=localhost:27017, type=UNKNOWN, state=CONNECTING, exception={com.mongodb.MongoSocketOpenException: Exception opening socket}, caused by {java.net.ConnectException: Connection refused: no further information}}]
19:48:37.479 [cluster-ClusterId{value='6390dff5a14d8a4c82d04833', description='null'}-localhost:27017] DEBUG org.mongodb.driver.connection - Invalidating the connection pool
19:48:38.004 [cluster-ClusterId{value='6390dff5a14d8a4c82d04833', description='null'}-localhost:27017] DEBUG org.mongodb.driver.connection - Closing connection connectionId{localValue:38}
19:48:38.004 [cluster-ClusterId{value='6390dff5a14d8a4c82d04833', description='null'}-localhost:27017] DEBUG org.mongodb.driver.cluster - Updating cluster description to  {type=UNKNOWN, servers=[{address=localhost:27017, type=UNKNOWN, state=CONNECTING, exception={com.mongodb.MongoSocketOpenException: Exception opening socket}, caused by {java.net.ConnectException: Connection refused: no further information}}]
19:48:38.004 [cluster-ClusterId{value='6390dff5a14d8a4c82d04833', description='null'}-localhost:27017] DEBUG org.mongodb.driver.connection - Invalidating the connection pool
19:48:38.514 [cluster-ClusterId{value='6390dff5a14d8a4c82d04833', description='null'}-localhost:27017] DEBUG org.mongodb.driver.connection - Closing connection connectionId{localValue:39}
19:48:38.514 [cluster-ClusterId{value='6390dff5a14d8a4c82d04833', description='null'}-localhost:27017] DEBUG org.mongodb.driver.cluster - Updating cluster description to  {type=UNKNOWN, servers=[{address=localhost:27017, type=UNKNOWN, state=CONNECTING, exception={com.mongodb.MongoSocketOpenException: Exception opening socket}, caused by {java.net.ConnectException: Connection refused: no further information}}]
19:48:38.514 [cluster-ClusterId{value='6390dff5a14d8a4c82d04833', description='null'}-localhost:27017] DEBUG org.mongodb.driver.connection - Invalidating the connection pool
19:48:39.043 [cluster-ClusterId{value='6390dff5a14d8a4c82d04833', description='null'}-localhost:27017] DEBUG org.mongodb.driver.connection - Closing connection connectionId{localValue:40}
19:48:39.043 [cluster-ClusterId{value='6390dff5a14d8a4c82d04833', description='null'}-localhost:27017] DEBUG org.mongodb.driver.cluster - Updating cluster description to  {type=UNKNOWN, servers=[{address=localhost:27017, type=UNKNOWN, state=CONNECTING, exception={com.mongodb.MongoSocketOpenException: Exception opening socket}, caused by {java.net.ConnectException: Connection refused: no further information}}]
19:48:39.043 [cluster-ClusterId{value='6390dff5a14d8a4c82d04833', description='null'}-localhost:27017] DEBUG org.mongodb.driver.connection - Invalidating the connection pool
19:48:39.543 [cluster-ClusterId{value='6390dff5a14d8a4c82d04833', description='null'}-localhost:27017] DEBUG org.mongodb.driver.connection - Closing connection connectionId{localValue:41}
19:48:39.544 [cluster-ClusterId{value='6390dff5a14d8a4c82d04833', description='null'}-localhost:27017] DEBUG org.mongodb.driver.cluster - Updating cluster description to  {type=UNKNOWN, servers=[{address=localhost:27017, type=UNKNOWN, state=CONNECTING, exception={com.mongodb.MongoSocketOpenException: Exception opening socket}, caused by {java.net.ConnectException: Connection refused: no further information}}]
19:48:39.544 [cluster-ClusterId{value='6390dff5a14d8a4c82d04833', description='null'}-localhost:27017] DEBUG org.mongodb.driver.connection - Invalidating the connection pool
19:48:40.069 [cluster-ClusterId{value='6390dff5a14d8a4c82d04833', description='null'}-localhost:27017] DEBUG org.mongodb.driver.connection - Closing connection connectionId{localValue:42}
19:48:40.069 [cluster-ClusterId{value='6390dff5a14d8a4c82d04833', description='null'}-localhost:27017] DEBUG org.mongodb.driver.cluster - Updating cluster description to  {type=UNKNOWN, servers=[{address=localhost:27017, type=UNKNOWN, state=CONNECTING, exception={com.mongodb.MongoSocketOpenException: Exception opening socket}, caused by {java.net.ConnectException: Connection refused: no further information}}]
19:48:40.069 [cluster-ClusterId{value='6390dff5a14d8a4c82d04833', description='null'}-localhost:27017] DEBUG org.mongodb.driver.connection - Invalidating the connection pool
19:48:40.583 [cluster-ClusterId{value='6390dff5a14d8a4c82d04833', description='null'}-localhost:27017] DEBUG org.mongodb.driver.connection - Closing connection connectionId{localValue:43}
19:48:40.583 [cluster-ClusterId{value='6390dff5a14d8a4c82d04833', description='null'}-localhost:27017] DEBUG org.mongodb.driver.cluster - Updating cluster description to  {type=UNKNOWN, servers=[{address=localhost:27017, type=UNKNOWN, state=CONNECTING, exception={com.mongodb.MongoSocketOpenException: Exception opening socket}, caused by {java.net.ConnectException: Connection refused: no further information}}]
19:48:40.583 [cluster-ClusterId{value='6390dff5a14d8a4c82d04833', description='null'}-localhost:27017] DEBUG org.mongodb.driver.connection - Invalidating the connection pool
19:48:41.091 [cluster-ClusterId{value='6390dff5a14d8a4c82d04833', description='null'}-localhost:27017] DEBUG org.mongodb.driver.connection - Closing connection connectionId{localValue:44}
19:48:41.091 [cluster-ClusterId{value='6390dff5a14d8a4c82d04833', description='null'}-localhost:27017] DEBUG org.mongodb.driver.cluster - Updating cluster description to  {type=UNKNOWN, servers=[{address=localhost:27017, type=UNKNOWN, state=CONNECTING, exception={com.mongodb.MongoSocketOpenException: Exception opening socket}, caused by {java.net.ConnectException: Connection refused: no further information}}]
19:48:41.091 [cluster-ClusterId{value='6390dff5a14d8a4c82d04833', description='null'}-localhost:27017] DEBUG org.mongodb.driver.connection - Invalidating the connection pool
19:48:41.597 [cluster-ClusterId{value='6390dff5a14d8a4c82d04833', description='null'}-localhost:27017] DEBUG org.mongodb.driver.connection - Closing connection connectionId{localValue:45}
19:48:41.598 [cluster-ClusterId{value='6390dff5a14d8a4c82d04833', description='null'}-localhost:27017] DEBUG org.mongodb.driver.cluster - Updating cluster description to  {type=UNKNOWN, servers=[{address=localhost:27017, type=UNKNOWN, state=CONNECTING, exception={com.mongodb.MongoSocketOpenException: Exception opening socket}, caused by {java.net.ConnectException: Connection refused: no further information}}]
19:48:41.598 [cluster-ClusterId{value='6390dff5a14d8a4c82d04833', description='null'}-localhost:27017] DEBUG org.mongodb.driver.connection - Invalidating the connection pool
19:48:41.954 [cluster-rtt-ClusterId{value='6390dff5a14d8a4c82d04832', description='null'}-localhost:27017] DEBUG org.mongodb.driver.connection - Closing connection connectionId{localValue:46}
19:48:41.954 [cluster-ClusterId{value='6390dff5a14d8a4c82d04832', description='null'}-localhost:27017] DEBUG org.mongodb.driver.connection - Closing connection connectionId{localValue:47}
19:48:41.954 [cluster-ClusterId{value='6390dff5a14d8a4c82d04832', description='null'}-localhost:27017] DEBUG org.mongodb.driver.cluster - Updating cluster description to  {type=UNKNOWN, servers=[{address=localhost:27017, type=UNKNOWN, state=CONNECTING, exception={com.mongodb.MongoSocketOpenException: Exception opening socket}, caused by {java.net.ConnectException: Connection refused: no further information}}]
19:48:41.954 [cluster-ClusterId{value='6390dff5a14d8a4c82d04832', description='null'}-localhost:27017] DEBUG org.mongodb.driver.connection - Invalidating the connection pool
19:48:41.955 [cluster-rtt-ClusterId{value='6390dff5a14d8a4c82d04833', description='null'}-localhost:27017] DEBUG org.mongodb.driver.connection - Closing connection connectionId{localValue:48}
19:48:42.125 [cluster-ClusterId{value='6390dff5a14d8a4c82d04833', description='null'}-localhost:27017] DEBUG org.mongodb.driver.connection - Closing connection connectionId{localValue:49}
19:48:42.125 [cluster-ClusterId{value='6390dff5a14d8a4c82d04833', description='null'}-localhost:27017] DEBUG org.mongodb.driver.cluster - Updating cluster description to  {type=UNKNOWN, servers=[{address=localhost:27017, type=UNKNOWN, state=CONNECTING, exception={com.mongodb.MongoSocketOpenException: Exception opening socket}, caused by {java.net.ConnectException: Connection refused: no further information}}]
19:48:42.125 [cluster-ClusterId{value='6390dff5a14d8a4c82d04833', description='null'}-localhost:27017] DEBUG org.mongodb.driver.connection - Invalidating the connection pool
19:48:42.651 [cluster-ClusterId{value='6390dff5a14d8a4c82d04833', description='null'}-localhost:27017] DEBUG org.mongodb.driver.connection - Closing connection connectionId{localValue:50}
19:48:42.651 [cluster-ClusterId{value='6390dff5a14d8a4c82d04833', description='null'}-localhost:27017] DEBUG org.mongodb.driver.cluster - Updating cluster description to  {type=UNKNOWN, servers=[{address=localhost:27017, type=UNKNOWN, state=CONNECTING, exception={com.mongodb.MongoSocketOpenException: Exception opening socket}, caused by {java.net.ConnectException: Connection refused: no further information}}]
19:48:42.651 [cluster-ClusterId{value='6390dff5a14d8a4c82d04833', description='null'}-localhost:27017] DEBUG org.mongodb.driver.connection - Invalidating the connection pool
19:48:43.178 [cluster-ClusterId{value='6390dff5a14d8a4c82d04833', description='null'}-localhost:27017] DEBUG org.mongodb.driver.connection - Closing connection connectionId{localValue:51}
19:48:43.178 [cluster-ClusterId{value='6390dff5a14d8a4c82d04833', description='null'}-localhost:27017] DEBUG org.mongodb.driver.cluster - Updating cluster description to  {type=UNKNOWN, servers=[{address=localhost:27017, type=UNKNOWN, state=CONNECTING, exception={com.mongodb.MongoSocketOpenException: Exception opening socket}, caused by {java.net.ConnectException: Connection refused: no further information}}]
19:48:43.178 [cluster-ClusterId{value='6390dff5a14d8a4c82d04833', description='null'}-localhost:27017] DEBUG org.mongodb.driver.connection - Invalidating the connection pool
19:48:43.678 [cluster-ClusterId{value='6390dff5a14d8a4c82d04833', description='null'}-localhost:27017] DEBUG org.mongodb.driver.connection - Closing connection connectionId{localValue:52}
19:48:43.678 [cluster-ClusterId{value='6390dff5a14d8a4c82d04833', description='null'}-localhost:27017] DEBUG org.mongodb.driver.cluster - Updating cluster description to  {type=UNKNOWN, servers=[{address=localhost:27017, type=UNKNOWN, state=CONNECTING, exception={com.mongodb.MongoSocketOpenException: Exception opening socket}, caused by {java.net.ConnectException: Connection refused: no further information}}]
19:48:43.678 [cluster-ClusterId{value='6390dff5a14d8a4c82d04833', description='null'}-localhost:27017] DEBUG org.mongodb.driver.connection - Invalidating the connection pool
19:48:44.199 [cluster-ClusterId{value='6390dff5a14d8a4c82d04833', description='null'}-localhost:27017] DEBUG org.mongodb.driver.connection - Closing connection connectionId{localValue:53}
19:48:44.199 [cluster-ClusterId{value='6390dff5a14d8a4c82d04833', description='null'}-localhost:27017] DEBUG org.mongodb.driver.cluster - Updating cluster description to  {type=UNKNOWN, servers=[{address=localhost:27017, type=UNKNOWN, state=CONNECTING, exception={com.mongodb.MongoSocketOpenException: Exception opening socket}, caused by {java.net.ConnectException: Connection refused: no further information}}]
19:48:44.199 [cluster-ClusterId{value='6390dff5a14d8a4c82d04833', description='null'}-localhost:27017] DEBUG org.mongodb.driver.connection - Invalidating the connection pool
19:48:44.700 [cluster-ClusterId{value='6390dff5a14d8a4c82d04833', description='null'}-localhost:27017] DEBUG org.mongodb.driver.connection - Closing connection connectionId{localValue:54}
19:48:44.701 [cluster-ClusterId{value='6390dff5a14d8a4c82d04833', description='null'}-localhost:27017] DEBUG org.mongodb.driver.cluster - Updating cluster description to  {type=UNKNOWN, servers=[{address=localhost:27017, type=UNKNOWN, state=CONNECTING, exception={com.mongodb.MongoSocketOpenException: Exception opening socket}, caused by {java.net.ConnectException: Connection refused: no further information}}]
19:48:44.701 [cluster-ClusterId{value='6390dff5a14d8a4c82d04833', description='null'}-localhost:27017] DEBUG org.mongodb.driver.connection - Invalidating the connection pool
19:48:45.225 [cluster-ClusterId{value='6390dff5a14d8a4c82d04833', description='null'}-localhost:27017] DEBUG org.mongodb.driver.connection - Closing connection connectionId{localValue:55}
19:48:45.225 [cluster-ClusterId{value='6390dff5a14d8a4c82d04833', description='null'}-localhost:27017] DEBUG org.mongodb.driver.cluster - Updating cluster description to  {type=UNKNOWN, servers=[{address=localhost:27017, type=UNKNOWN, state=CONNECTING, exception={com.mongodb.MongoSocketOpenException: Exception opening socket}, caused by {java.net.ConnectException: Connection refused: no further information}}]
19:48:45.226 [cluster-ClusterId{value='6390dff5a14d8a4c82d04833', description='null'}-localhost:27017] DEBUG org.mongodb.driver.connection - Invalidating the connection pool
19:48:45.754 [cluster-ClusterId{value='6390dff5a14d8a4c82d04833', description='null'}-localhost:27017] DEBUG org.mongodb.driver.connection - Closing connection connectionId{localValue:56}
19:48:45.754 [cluster-ClusterId{value='6390dff5a14d8a4c82d04833', description='null'}-localhost:27017] DEBUG org.mongodb.driver.cluster - Updating cluster description to  {type=UNKNOWN, servers=[{address=localhost:27017, type=UNKNOWN, state=CONNECTING, exception={com.mongodb.MongoSocketOpenException: Exception opening socket}, caused by {java.net.ConnectException: Connection refused: no further information}}]
19:48:45.754 [cluster-ClusterId{value='6390dff5a14d8a4c82d04833', description='null'}-localhost:27017] DEBUG org.mongodb.driver.connection - Invalidating the connection pool
19:48:46.255 [cluster-ClusterId{value='6390dff5a14d8a4c82d04833', description='null'}-localhost:27017] DEBUG org.mongodb.driver.connection - Closing connection connectionId{localValue:57}
19:48:46.255 [cluster-ClusterId{value='6390dff5a14d8a4c82d04833', description='null'}-localhost:27017] DEBUG org.mongodb.driver.cluster - Updating cluster description to  {type=UNKNOWN, servers=[{address=localhost:27017, type=UNKNOWN, state=CONNECTING, exception={com.mongodb.MongoSocketOpenException: Exception opening socket}, caused by {java.net.ConnectException: Connection refused: no further information}}]
19:48:46.255 [cluster-ClusterId{value='6390dff5a14d8a4c82d04833', description='null'}-localhost:27017] DEBUG org.mongodb.driver.connection - Invalidating the connection pool
19:48:46.781 [cluster-ClusterId{value='6390dff5a14d8a4c82d04833', description='null'}-localhost:27017] DEBUG org.mongodb.driver.connection - Closing connection connectionId{localValue:58}
19:48:46.781 [cluster-ClusterId{value='6390dff5a14d8a4c82d04833', description='null'}-localhost:27017] DEBUG org.mongodb.driver.cluster - Updating cluster description to  {type=UNKNOWN, servers=[{address=localhost:27017, type=UNKNOWN, state=CONNECTING, exception={com.mongodb.MongoSocketOpenException: Exception opening socket}, caused by {java.net.ConnectException: Connection refused: no further information}}]
19:48:46.781 [cluster-ClusterId{value='6390dff5a14d8a4c82d04833', description='null'}-localhost:27017] DEBUG org.mongodb.driver.connection - Invalidating the connection pool
19:48:47.296 [cluster-ClusterId{value='6390dff5a14d8a4c82d04833', description='null'}-localhost:27017] DEBUG org.mongodb.driver.connection - Closing connection connectionId{localValue:59}
19:48:47.296 [cluster-ClusterId{value='6390dff5a14d8a4c82d04833', description='null'}-localhost:27017] DEBUG org.mongodb.driver.cluster - Updating cluster description to  {type=UNKNOWN, servers=[{address=localhost:27017, type=UNKNOWN, state=CONNECTING, exception={com.mongodb.MongoSocketOpenException: Exception opening socket}, caused by {java.net.ConnectException: Connection refused: no further information}}]
19:48:47.296 [cluster-ClusterId{value='6390dff5a14d8a4c82d04833', description='null'}-localhost:27017] DEBUG org.mongodb.driver.connection - Invalidating the connection pool
19:48:47.808 [cluster-ClusterId{value='6390dff5a14d8a4c82d04833', description='null'}-localhost:27017] DEBUG org.mongodb.driver.connection - Closing connection connectionId{localValue:60}
19:48:47.808 [cluster-ClusterId{value='6390dff5a14d8a4c82d04833', description='null'}-localhost:27017] DEBUG org.mongodb.driver.cluster - Updating cluster description to  {type=UNKNOWN, servers=[{address=localhost:27017, type=UNKNOWN, state=CONNECTING, exception={com.mongodb.MongoSocketOpenException: Exception opening socket}, caused by {java.net.ConnectException: Connection refused: no further information}}]
19:48:47.808 [cluster-ClusterId{value='6390dff5a14d8a4c82d04833', description='null'}-localhost:27017] DEBUG org.mongodb.driver.connection - Invalidating the connection pool
19:48:48.318 [cluster-ClusterId{value='6390dff5a14d8a4c82d04833', description='null'}-localhost:27017] DEBUG org.mongodb.driver.connection - Closing connection connectionId{localValue:61}
19:48:48.318 [cluster-ClusterId{value='6390dff5a14d8a4c82d04833', description='null'}-localhost:27017] DEBUG org.mongodb.driver.cluster - Updating cluster description to  {type=UNKNOWN, servers=[{address=localhost:27017, type=UNKNOWN, state=CONNECTING, exception={com.mongodb.MongoSocketOpenException: Exception opening socket}, caused by {java.net.ConnectException: Connection refused: no further information}}]
19:48:48.318 [cluster-ClusterId{value='6390dff5a14d8a4c82d04833', description='null'}-localhost:27017] DEBUG org.mongodb.driver.connection - Invalidating the connection pool
19:48:48.832 [cluster-ClusterId{value='6390dff5a14d8a4c82d04833', description='null'}-localhost:27017] DEBUG org.mongodb.driver.connection - Closing connection connectionId{localValue:62}
19:48:48.832 [cluster-ClusterId{value='6390dff5a14d8a4c82d04833', description='null'}-localhost:27017] DEBUG org.mongodb.driver.cluster - Updating cluster description to  {type=UNKNOWN, servers=[{address=localhost:27017, type=UNKNOWN, state=CONNECTING, exception={com.mongodb.MongoSocketOpenException: Exception opening socket}, caused by {java.net.ConnectException: Connection refused: no further information}}]
19:48:48.832 [cluster-ClusterId{value='6390dff5a14d8a4c82d04833', description='null'}-localhost:27017] DEBUG org.mongodb.driver.connection - Invalidating the connection pool
19:48:49.344 [cluster-ClusterId{value='6390dff5a14d8a4c82d04833', description='null'}-localhost:27017] DEBUG org.mongodb.driver.connection - Closing connection connectionId{localValue:63}
19:48:49.344 [cluster-ClusterId{value='6390dff5a14d8a4c82d04833', description='null'}-localhost:27017] DEBUG org.mongodb.driver.cluster - Updating cluster description to  {type=UNKNOWN, servers=[{address=localhost:27017, type=UNKNOWN, state=CONNECTING, exception={com.mongodb.MongoSocketOpenException: Exception opening socket}, caused by {java.net.ConnectException: Connection refused: no further information}}]
19:48:49.344 [cluster-ClusterId{value='6390dff5a14d8a4c82d04833', description='null'}-localhost:27017] DEBUG org.mongodb.driver.connection - Invalidating the connection pool
19:48:49.854 [cluster-ClusterId{value='6390dff5a14d8a4c82d04833', description='null'}-localhost:27017] DEBUG org.mongodb.driver.connection - Closing connection connectionId{localValue:64}
19:48:49.855 [cluster-ClusterId{value='6390dff5a14d8a4c82d04833', description='null'}-localhost:27017] DEBUG org.mongodb.driver.cluster - Updating cluster description to  {type=UNKNOWN, servers=[{address=localhost:27017, type=UNKNOWN, state=CONNECTING, exception={com.mongodb.MongoSocketOpenException: Exception opening socket}, caused by {java.net.ConnectException: Connection refused: no further information}}]
19:48:49.855 [cluster-ClusterId{value='6390dff5a14d8a4c82d04833', description='null'}-localhost:27017] DEBUG org.mongodb.driver.connection - Invalidating the connection pool
19:48:50.355 [cluster-ClusterId{value='6390dff5a14d8a4c82d04833', description='null'}-localhost:27017] DEBUG org.mongodb.driver.connection - Closing connection connectionId{localValue:65}
19:48:50.355 [cluster-ClusterId{value='6390dff5a14d8a4c82d04833', description='null'}-localhost:27017] DEBUG org.mongodb.driver.cluster - Updating cluster description to  {type=UNKNOWN, servers=[{address=localhost:27017, type=UNKNOWN, state=CONNECTING, exception={com.mongodb.MongoSocketOpenException: Exception opening socket}, caused by {java.net.ConnectException: Connection refused: no further information}}]
19:48:50.355 [cluster-ClusterId{value='6390dff5a14d8a4c82d04833', description='null'}-localhost:27017] DEBUG org.mongodb.driver.connection - Invalidating the connection pool
19:48:50.862 [cluster-ClusterId{value='6390dff5a14d8a4c82d04833', description='null'}-localhost:27017] DEBUG org.mongodb.driver.connection - Closing connection connectionId{localValue:66}
19:48:50.862 [cluster-ClusterId{value='6390dff5a14d8a4c82d04833', description='null'}-localhost:27017] DEBUG org.mongodb.driver.cluster - Updating cluster description to  {type=UNKNOWN, servers=[{address=localhost:27017, type=UNKNOWN, state=CONNECTING, exception={com.mongodb.MongoSocketOpenException: Exception opening socket}, caused by {java.net.ConnectException: Connection refused: no further information}}]
19:48:50.862 [cluster-ClusterId{value='6390dff5a14d8a4c82d04833', description='null'}-localhost:27017] DEBUG org.mongodb.driver.connection - Invalidating the connection pool
19:48:51.375 [cluster-ClusterId{value='6390dff5a14d8a4c82d04833', description='null'}-localhost:27017] DEBUG org.mongodb.driver.connection - Closing connection connectionId{localValue:67}
19:48:51.375 [cluster-ClusterId{value='6390dff5a14d8a4c82d04833', description='null'}-localhost:27017] DEBUG org.mongodb.driver.cluster - Updating cluster description to  {type=UNKNOWN, servers=[{address=localhost:27017, type=UNKNOWN, state=CONNECTING, exception={com.mongodb.MongoSocketOpenException: Exception opening socket}, caused by {java.net.ConnectException: Connection refused: no further information}}]
19:48:51.375 [cluster-ClusterId{value='6390dff5a14d8a4c82d04833', description='null'}-localhost:27017] DEBUG org.mongodb.driver.connection - Invalidating the connection pool
19:48:51.890 [cluster-ClusterId{value='6390dff5a14d8a4c82d04833', description='null'}-localhost:27017] DEBUG org.mongodb.driver.connection - Closing connection connectionId{localValue:68}
19:48:51.890 [cluster-ClusterId{value='6390dff5a14d8a4c82d04833', description='null'}-localhost:27017] DEBUG org.mongodb.driver.cluster - Updating cluster description to  {type=UNKNOWN, servers=[{address=localhost:27017, type=UNKNOWN, state=CONNECTING, exception={com.mongodb.MongoSocketOpenException: Exception opening socket}, caused by {java.net.ConnectException: Connection refused: no further information}}]
19:48:51.890 [cluster-ClusterId{value='6390dff5a14d8a4c82d04833', description='null'}-localhost:27017] DEBUG org.mongodb.driver.connection - Invalidating the connection pool
19:48:51.966 [cluster-rtt-ClusterId{value='6390dff5a14d8a4c82d04833', description='null'}-localhost:27017] DEBUG org.mongodb.driver.connection - Closing connection connectionId{localValue:70}
19:48:51.966 [cluster-rtt-ClusterId{value='6390dff5a14d8a4c82d04832', description='null'}-localhost:27017] DEBUG org.mongodb.driver.connection - Closing connection connectionId{localValue:69}
19:48:51.981 [cluster-ClusterId{value='6390dff5a14d8a4c82d04832', description='null'}-localhost:27017] DEBUG org.mongodb.driver.connection - Closing connection connectionId{localValue:71}
19:48:51.981 [cluster-ClusterId{value='6390dff5a14d8a4c82d04832', description='null'}-localhost:27017] DEBUG org.mongodb.driver.cluster - Updating cluster description to  {type=UNKNOWN, servers=[{address=localhost:27017, type=UNKNOWN, state=CONNECTING, exception={com.mongodb.MongoSocketOpenException: Exception opening socket}, caused by {java.net.ConnectException: Connection refused: no further information}}]
19:48:51.981 [cluster-ClusterId{value='6390dff5a14d8a4c82d04832', description='null'}-localhost:27017] DEBUG org.mongodb.driver.connection - Invalidating the connection pool
]]></system-out>
  </testcase>
</testsuite>